 line   address	contents
    1                      ; Linked by DLX-LD.
    2                      ; MemSize 24576
    3                      ; Data size: 980
    4                      ; Text size: 5096
    5                      ; Stack size: 8192
    6  00000000          	.text 0x1000
    7  00001000          	.data 0x3000
    8                      ; Compiled by GCC
    9  00003000          	.text
   10  00001000          	.align 2
   11  00001000          	.proc _isspace
   12  00001000          	.global _isspace
   13  00001000          	_isspace:
   14                      ;  Function 'isspace'; 0 bytes of locals, 1 regs to save.
   15  00001000  afbefffc	sw	-4(r29),r30; push fp
   16  00001004  001df020	add	r30,r0,r29; fp = sp
   17  00001008  afbffff8	sw	-8(r29),r31; push ret addr
   18  0000100c  2fbd0010	subui	r29,r29,#16; alloc local storage
   19  00001010  afa20000	sw	0(r29),r2
   20  00001014  83c20003	lb	r2,3(r30)
   21  00001018  201f0000	addi	r31,r0,#0
   22  0000101c  304100ff	andi	r1,r2,#0x00ff
   23  00001020  60210020	seqi	r1,r1,#32
   24  00001024  14200018	bnez	r1,L6_LF0
   25  00001028  54000000	nop; not filled.
   26  0000102c  2041fff7	addi	r1,r2,#-9
   27  00001030  302100ff	andi	r1,r1,#0x00ff
   28  00001034  70210001	sleui	r1,r1,#1
   29  00001038  10200008	beqz	r1,L5_LF0
   30  0000103c  54000000	nop; not filled.
   31  00001040          	L6_LF0:
   32  00001040  201f0001	addi	r31,r0,#1
   33  00001044          	L5_LF0:
   34  00001044  001f0820	add	r1,r0,r31
   35  00001048  8fa20000	lw	r2,0(r29)
   36  0000104c  8fdffff8	lw	r31,-8(r30)
   37  00001050  001ee820	add	r29,r0,r30
   38  00001054  8fdefffc	lw	r30,-4(r30)
   39  00001058  4be00000	jr	r31
   40  0000105c  54000000	nop
   41  00001060          	.endproc _isspace
   42  00001060          	.align 2
   43  00001060          	.proc _isxdigit
   44  00001060          	.global _isxdigit
   45  00001060          	_isxdigit:
   46                      ;  Function 'isxdigit'; 0 bytes of locals, 1 regs to save.
   47  00001060  afbefffc	sw	-4(r29),r30; push fp
   48  00001064  001df020	add	r30,r0,r29; fp = sp
   49  00001068  afbffff8	sw	-8(r29),r31; push ret addr
   50  0000106c  2fbd0010	subui	r29,r29,#16; alloc local storage
   51  00001070  afa20000	sw	0(r29),r2
   52  00001074  83df0003	lb	r31,3(r30)
   53  00001078  20020000	addi	r2,r0,#0
   54  0000107c  23e1ffd0	addi	r1,r31,#-48
   55  00001080  302100ff	andi	r1,r1,#0x00ff
   56  00001084  70210009	sleui	r1,r1,#9
   57  00001088  14200028	bnez	r1,L12_LF0
   58  0000108c  54000000	nop; not filled.
   59  00001090  23e1ff9f	addi	r1,r31,#-97
   60  00001094  302100ff	andi	r1,r1,#0x00ff
   61  00001098  70210005	sleui	r1,r1,#5
   62  0000109c  14200014	bnez	r1,L12_LF0
   63  000010a0  54000000	nop; not filled.
   64  000010a4  33e100ff	andi	r1,r31,#0x00ff
   65  000010a8  64210041	snei	r1,r1,#65
   66  000010ac  14200008	bnez	r1,L11_LF0
   67  000010b0  54000000	nop; not filled.
   68  000010b4          	L12_LF0:
   69  000010b4  20020001	addi	r2,r0,#1
   70  000010b8          	L11_LF0:
   71  000010b8  00020820	add	r1,r0,r2
   72  000010bc  8fa20000	lw	r2,0(r29)
   73  000010c0  8fdffff8	lw	r31,-8(r30)
   74  000010c4  001ee820	add	r29,r0,r30
   75  000010c8  8fdefffc	lw	r30,-4(r30)
   76  000010cc  4be00000	jr	r31
   77  000010d0  54000000	nop
   78  000010d4          	.endproc _isxdigit
   79  000010d4          	.data
   80  00003000          	.align 2
   81  00003000          	LC0_LF0:
   82  00003000  55736167	.ascii "Usage: %s <number of hello world processes to create>\n\000"
   82  00003004  653a2025	
   82  00003008  73203c6e	
   82  0000300c  756d6265	
   82  00003010  72206f66	
   82  00003014  2068656c	
   82  00003018  6c6f2077	
   82  0000301c  6f726c64	
   82  00003020  2070726f	
   82  00003024  63657373	
   82  00003028  65732074	
   82  0000302c  6f206372	
   82  00003030  65617465	
   82  00003034  3e0a00  	
   83  00003037          	.align 2
   84  00003038          	LC1_LF0:
   85  00003038  6d616b65	.ascii "makeprocs (%d): Bad sem_create\n\000"
   85  0000303c  70726f63	
   85  00003040  73202825	
   85  00003044  64293a20	
   85  00003048  42616420	
   85  0000304c  73656d5f	
   85  00003050  63726561	
   85  00003054  74650a00	
   86  00003058          	.align 2
   87  00003058          	LC2_LF0:
   88  00003058  73656d61	.ascii "semaphores created\n\000"
   88  0000305c  70686f72	
   88  00003060  65732063	
   88  00003064  72656174	
   88  00003068  65640a00	
   89  0000306c          	.align 2
   90  0000306c          	LC3_LF0:
   91  0000306c  2d2d2d2d	.ascii "----------------------------------------------------------------------"
   91  00003070  2d2d2d2d	
   91  00003074  2d2d2d2d	
   91  00003078  2d2d2d2d	
   91  0000307c  2d2d2d2d	
   91  00003080  2d2d2d2d	
   91  00003084  2d2d2d2d	
   91  00003088  2d2d2d2d	
   91  0000308c  2d2d2d2d	
   91  00003090  2d2d2d2d	
   91  00003094  2d2d2d2d	
   91  00003098  2d2d2d2d	
   91  0000309c  2d2d2d2d	
   91  000030a0  2d2d2d2d	
   91  000030a4  2d2d2d2d	
   91  000030a8  2d2d2d2d	
   91  000030ac  2d2d2d2d	
   91  000030b0  2d2d    	
   92  000030b2  2d2d2d2d	.ascii "---------------\n\000"
   92  000030b6  2d2d2d2d	
   92  000030ba  2d2d2d2d	
   92  000030be  2d2d2d0a	
   92  000030c2  00      	
   93  000030c3          	.align 2
   94  000030c4          	LC4_LF0:
   95  000030c4  6d616b65	.ascii "makeprocs (%d): part1: Creating a hello world process\n\000"
   95  000030c8  70726f63	
   95  000030cc  73202825	
   95  000030d0  64293a20	
   95  000030d4  70617274	
   95  000030d8  313a2043	
   95  000030dc  72656174	
   95  000030e0  696e6720	
   95  000030e4  61206865	
   95  000030e8  6c6c6f20	
   95  000030ec  776f726c	
   95  000030f0  64207072	
   95  000030f4  6f636573	
   95  000030f8  730a00  	
   96  000030fb          	.align 2
   97  000030fc          	LC5_LF0:
   98  000030fc  70617274	.ascii "part1.dlx.obj\000"
   98  00003100  312e646c	
   98  00003104  782e6f62	
   98  00003108  6a00    	
   99  0000310a          	.align 2
  100  0000310c          	LC6_LF0:
  101  0000310c  6d616b65	.ascii "makeprocs (%d): part2: Creating a process to access memory inside the "
  101  00003110  70726f63	
  101  00003114  73202825	
  101  00003118  64293a20	
  101  0000311c  70617274	
  101  00003120  323a2043	
  101  00003124  72656174	
  101  00003128  696e6720	
  101  0000312c  61207072	
  101  00003130  6f636573	
  101  00003134  7320746f	
  101  00003138  20616363	
  101  0000313c  65737320	
  101  00003140  6d656d6f	
  101  00003144  72792069	
  101  00003148  6e736964	
  101  0000314c  65207468	
  101  00003150  6520    	
  102  00003152  76697274	.ascii "virtual address space, but outside of currently allocated pages\n\000"
  102  00003156  75616c20	
  102  0000315a  61646472	
  102  0000315e  65737320	
  102  00003162  73706163	
  102  00003166  652c2062	
  102  0000316a  7574206f	
  102  0000316e  75747369	
  102  00003172  6465206f	
  102  00003176  66206375	
  102  0000317a  7272656e	
  102  0000317e  746c7920	
  102  00003182  616c6c6f	
  102  00003186  63617465	
  102  0000318a  64207061	
  102  0000318e  6765730a	
  102  00003192  00      	
  103  00003193          	.align 2
  104  00003194          	LC7_LF0:
  105  00003194  70617274	.ascii "part2.dlx.obj\000"
  105  00003198  322e646c	
  105  0000319c  782e6f62	
  105  000031a0  6a00    	
  106  000031a2          	.align 2
  107  000031a4          	LC8_LF0:
  108  000031a4  6d616b65	.ascii "makeprocs (%d): part3: Creating a process to cause the user function c"
  108  000031a8  70726f63	
  108  000031ac  73202825	
  108  000031b0  64293a20	
  108  000031b4  70617274	
  108  000031b8  333a2043	
  108  000031bc  72656174	
  108  000031c0  696e6720	
  108  000031c4  61207072	
  108  000031c8  6f636573	
  108  000031cc  7320746f	
  108  000031d0  20636175	
  108  000031d4  73652074	
  108  000031d8  68652075	
  108  000031dc  73657220	
  108  000031e0  66756e63	
  108  000031e4  74696f6e	
  108  000031e8  2063    	
  109  000031ea  616c6c20	.ascii "all stack to grow larger than one page\n\000"
  109  000031ee  73746163	
  109  000031f2  6b20746f	
  109  000031f6  2067726f	
  109  000031fa  77206c61	
  109  000031fe  72676572	
  109  00003202  20746861	
  109  00003206  6e206f6e	
  109  0000320a  65207061	
  109  0000320e  67650a00	
  110  00003212          	.align 2
  111  00003214          	LC9_LF0:
  112  00003214  70617274	.ascii "part3.dlx.obj\000"
  112  00003218  332e646c	
  112  0000321c  782e6f62	
  112  00003220  6a00    	
  113  00003222          	.align 2
  114  00003224          	LC10_LF0:
  115  00003224  6d616b65	.ascii "makeprocs (%d): part4: calling the hello world program 100 times\n\000"
  115  00003228  70726f63	
  115  0000322c  73202825	
  115  00003230  64293a20	
  115  00003234  70617274	
  115  00003238  343a2063	
  115  0000323c  616c6c69	
  115  00003240  6e672074	
  115  00003244  68652068	
  115  00003248  656c6c6f	
  115  0000324c  20776f72	
  115  00003250  6c642070	
  115  00003254  726f6772	
  115  00003258  616d2031	
  115  0000325c  30302074	
  115  00003260  696d6573	
  115  00003264  0a00    	
  116  00003266          	.align 2
  117  00003268          	LC11_LF0:
  118  00003268  70617274	.ascii "part4.dlx.obj\000"
  118  0000326c  342e646c	
  118  00003270  782e6f62	
  118  00003274  6a00    	
  119  00003276          	.align 2
  120  00003278          	LC12_LF0:
  121  00003278  6d616b65	.ascii "makeprocs (%d): part5: spawning 30 simultaneous processes\n\000"
  121  0000327c  70726f63	
  121  00003280  73202825	
  121  00003284  64293a20	
  121  00003288  70617274	
  121  0000328c  353a2073	
  121  00003290  7061776e	
  121  00003294  696e6720	
  121  00003298  33302073	
  121  0000329c  696d756c	
  121  000032a0  74616e65	
  121  000032a4  6f757320	
  121  000032a8  70726f63	
  121  000032ac  65737365	
  121  000032b0  730a00  	
  122  000032b3          	.align 2
  123  000032b4          	LC13_LF0:
  124  000032b4  70617274	.ascii "part5.dlx.obj\000"
  124  000032b8  352e646c	
  124  000032bc  782e6f62	
  124  000032c0  6a00    	
  125  000032c2          	.align 2
  126  000032c4          	LC14_LF0:
  127  000032c4  6d616b65	.ascii "makeprocs (%d): part6: Creating a process to access memory beyond maxi"
  127  000032c8  70726f63	
  127  000032cc  73202825	
  127  000032d0  64293a20	
  127  000032d4  70617274	
  127  000032d8  363a2043	
  127  000032dc  72656174	
  127  000032e0  696e6720	
  127  000032e4  61207072	
  127  000032e8  6f636573	
  127  000032ec  7320746f	
  127  000032f0  20616363	
  127  000032f4  65737320	
  127  000032f8  6d656d6f	
  127  000032fc  72792062	
  127  00003300  65796f6e	
  127  00003304  64206d61	
  127  00003308  7869    	
  128  0000330a  6d756d20	.ascii "mum virtual address \n\000"
  128  0000330e  76697274	
  128  00003312  75616c20	
  128  00003316  61646472	
  128  0000331a  65737320	
  128  0000331e  0a00    	
  129  00003320          	.align 2
  130  00003320          	LC15_LF0:
  131  00003320  70617274	.ascii "part6.dlx.obj\000"
  131  00003324  362e646c	
  131  00003328  782e6f62	
  131  0000332c  6a00    	
  132  0000332e          	.align 2
  133  00003330          	LC16_LF0:
  134  00003330  42616420	.ascii "Bad semaphore s_procs_completed (%d) in %s\n\000"
  134  00003334  73656d61	
  134  00003338  70686f72	
  134  0000333c  6520735f	
  134  00003340  70726f63	
  134  00003344  735f636f	
  134  00003348  6d706c65	
  134  0000334c  74656420	
  134  00003350  28256429	
  134  00003354  20696e20	
  134  00003358  25730a00	
  135  0000335c          	.align 2
  136  0000335c          	LC17_LF0:
  137  0000335c  6d616b65	.ascii "makeprocs (%d): All other processes completed, exiting main process.\n"
  137  00003360  70726f63	
  137  00003364  73202825	
  137  00003368  64293a20	
  137  0000336c  416c6c20	
  137  00003370  6f746865	
  137  00003374  72207072	
  137  00003378  6f636573	
  137  0000337c  73657320	
  137  00003380  636f6d70	
  137  00003384  6c657465	
  137  00003388  642c2065	
  137  0000338c  78697469	
  137  00003390  6e67206d	
  137  00003394  61696e20	
  137  00003398  70726f63	
  137  0000339c  6573732e	
  137  000033a0  0a      	
  138  000033a1  00      	.ascii "\000"
  139  000033a2          	.text
  140  000010d4          	.align 2
  141  000010d4          	.proc _main
  142  000010d4          	.global _main
  143  000010d4          	_main:
  144                      ;  Function 'main'; 16 bytes of locals, 0 regs to save.
  145  000010d4  afbefffc	sw	-4(r29),r30; push fp
  146  000010d8  001df020	add	r30,r0,r29; fp = sp
  147  000010dc  afbffff8	sw	-8(r29),r31; push ret addr
  148  000010e0  2fbd0018	subui	r29,r29,#24; alloc local storage
  149  000010e4  8fc20000	lw	r2,(r30)
  150  000010e8  8fc60004	lw	r6,4(r30)
  151  000010ec  0c0012f0	jal	___main
  152  000010f0  54000000	nop; not filled.
  153  000010f4  64410002	snei	r1,r2,#2
  154  000010f8  10200030	beqz	r1,L14_LF0
  155  000010fc  54000000	nop; not filled.
  156  00001100  23bdfff8	addi	r29,r29,#-8
  157  00001104  3c070000	lhi	r7,((LC0_LF0)>>16)&0xffff
  158  00001108  24e73000	addui	r7,r7,(LC0_LF0)&0xffff
  159  0000110c  afa70000	sw	(r29),r7
  160  00001110  8cc10000	lw	r1,(r6)
  161  00001114  afa10004	sw	4(r29),r1
  162  00001118  0c000404	jal	_Printf
  163  0000111c  54000000	nop; not filled.
  164  00001120  0c000504	jal	_Exit
  165  00001124  54000000	nop; not filled.
  166  00001128  23bd0008	addi	r29,r29,#8
  167  0000112c          	L14_LF0:
  168  0000112c  23bdfff0	addi	r29,r29,#-16
  169  00001130  8cc70004	lw	r7,4(r6)
  170  00001134  afa70000	sw	(r29),r7
  171  00001138  20070000	addi	r7,r0,#0
  172  0000113c  afa70004	sw	4(r29),r7
  173  00001140  2007000a	addi	r7,r0,#10
  174  00001144  afa70008	sw	8(r29),r7
  175  00001148  0c000d98	jal	_dstrtol
  176  0000114c  54000000	nop; not filled.
  177  00001150  00012820	add	r5,r0,r1
  178  00001154  23bd0010	addi	r29,r29,#16
  179  00001158  20a2ffff	addi	r2,r5,#-1
  180  0000115c  6c410005	sgtui	r1,r2,#5
  181  00001160  1420003c	bnez	r1,L15_LF0
  182  00001164  54000000	nop; not filled.
  183  00001168  50410002	slli	r1,r2,#0x2
  184  0000116c  3c070000	lhi	r7,((L22_LF0)>>16)&0xffff
  185  00001170  24e733a4	addui	r7,r7,(L22_LF0)&0xffff
  186  00001174  00270820	add	r1,r1,r7
  187  00001178  8c210000	lw	r1,(r1)
  188  0000117c  48200000	jr	r1
  189  00001180  54000000	nop; not filled.
  190  00001184          	.data
  191  000033a2          	.align 2
  192  000033a4          	L22_LF0:
  193  000033a4  00001184	.word L19_LF0
  194  000033a8  00001184	.word L19_LF0
  195  000033ac  00001184	.word L19_LF0
  196  000033b0  00001190	.word L20_LF0
  197  000033b4  0000119c	.word L21_LF0
  198  000033b8  00001184	.word L19_LF0
  199  000033bc          	.text
  200  00001184          	L19_LF0:
  201  00001184  20030001	addi	r3,r0,#1
  202  00001188  08000014	j	L15_LF0
  203  0000118c  54000000	nop; not filled.
  204  00001190          	L20_LF0:
  205  00001190  20030064	addi	r3,r0,#100
  206  00001194  08000008	j	L15_LF0
  207  00001198  54000000	nop; not filled.
  208  0000119c          	L21_LF0:
  209  0000119c  2003001e	addi	r3,r0,#30
  210  000011a0          	L15_LF0:
  211  000011a0  23bdfff8	addi	r29,r29,#-8
  212  000011a4  20010001	addi	r1,r0,#1
  213  000011a8  00230822	sub	r1,r1,r3
  214  000011ac  afa10000	sw	(r29),r1
  215  000011b0  0c0003a8	jal	_sem_create
  216  000011b4  54000000	nop; not filled.
  217  000011b8  23bd0008	addi	r29,r29,#8
  218  000011bc  6024ffff	seqi	r4,r1,#-1
  219  000011c0  64810000	snei	r1,r4,#0
  220  000011c4  10200034	beqz	r1,L24_LF0
  221  000011c8  54000000	nop; not filled.
  222  000011cc  0c00035c	jal	_getpid
  223  000011d0  54000000	nop; not filled.
  224  000011d4  23bdfff8	addi	r29,r29,#-8
  225  000011d8  3c070000	lhi	r7,((LC1_LF0)>>16)&0xffff
  226  000011dc  24e73038	addui	r7,r7,(LC1_LF0)&0xffff
  227  000011e0  afa70000	sw	(r29),r7
  228  000011e4  afa10004	sw	4(r29),r1
  229  000011e8  0c000334	jal	_Printf
  230  000011ec  54000000	nop; not filled.
  231  000011f0  0c000434	jal	_Exit
  232  000011f4  54000000	nop; not filled.
  233  000011f8  23bd0008	addi	r29,r29,#8
  234  000011fc          	L24_LF0:
  235  000011fc  23bdfff8	addi	r29,r29,#-8
  236  00001200  3c070000	lhi	r7,((LC2_LF0)>>16)&0xffff
  237  00001204  24e73058	addui	r7,r7,(LC2_LF0)&0xffff
  238  00001208  afa70000	sw	(r29),r7
  239  0000120c  0c000310	jal	_Printf
  240  00001210  54000000	nop; not filled.
  241  00001214  afa40000	sw	(r29),r4
  242  00001218  23c1ffe8	addi	r1,r30,#-24
  243  0000121c  afa10004	sw	4(r29),r1
  244  00001220  0c000b34	jal	_ditoa
  245  00001224  54000000	nop; not filled.
  246  00001228  3c070000	lhi	r7,((LC3_LF0)>>16)&0xffff
  247  0000122c  24e7306c	addui	r7,r7,(LC3_LF0)&0xffff
  248  00001230  afa70000	sw	(r29),r7
  249  00001234  0c0002e8	jal	_Printf
  250  00001238  54000000	nop; not filled.
  251  0000123c  23bd0008	addi	r29,r29,#8
  252  00001240  20a2ffff	addi	r2,r5,#-1
  253  00001244  6c410005	sgtui	r1,r2,#5
  254  00001248  142001f8	bnez	r1,L25_LF0
  255  0000124c  54000000	nop; not filled.
  256  00001250  50410002	slli	r1,r2,#0x2
  257  00001254  3c070000	lhi	r7,((L42_LF0)>>16)&0xffff
  258  00001258  24e733bc	addui	r7,r7,(L42_LF0)&0xffff
  259  0000125c  00270820	add	r1,r1,r7
  260  00001260  8c210000	lw	r1,(r1)
  261  00001264  48200000	jr	r1
  262  00001268  54000000	nop; not filled.
  263  0000126c          	.data
  264  000033bc          	.align 2
  265  000033bc          	L42_LF0:
  266  000033bc  0000126c	.word L26_LF0
  267  000033c0  000012a4	.word L27_LF0
  268  000033c4  000012dc	.word L28_LF0
  269  000033c8  00001314	.word L29_LF0
  270  000033cc  00001384	.word L35_LF0
  271  000033d0  000013f4	.word L41_LF0
  272  000033d4          	.text
  273  0000126c          	L26_LF0:
  274  0000126c  0c0002bc	jal	_getpid
  275  00001270  54000000	nop; not filled.
  276  00001274  23bdfff8	addi	r29,r29,#-8
  277  00001278  3c070000	lhi	r7,((LC4_LF0)>>16)&0xffff
  278  0000127c  24e730c4	addui	r7,r7,(LC4_LF0)&0xffff
  279  00001280  afa70000	sw	(r29),r7
  280  00001284  afa10004	sw	4(r29),r1
  281  00001288  0c000294	jal	_Printf
  282  0000128c  54000000	nop; not filled.
  283  00001290  23bdfff8	addi	r29,r29,#-8
  284  00001294  3c070000	lhi	r7,((LC5_LF0)>>16)&0xffff
  285  00001298  24e730fc	addui	r7,r7,(LC5_LF0)&0xffff
  286  0000129c  08000184	j	L45_LF0
  287  000012a0  54000000	nop; not filled.
  288  000012a4          	L27_LF0:
  289  000012a4  0c000284	jal	_getpid
  290  000012a8  54000000	nop; not filled.
  291  000012ac  23bdfff8	addi	r29,r29,#-8
  292  000012b0  3c070000	lhi	r7,((LC6_LF0)>>16)&0xffff
  293  000012b4  24e7310c	addui	r7,r7,(LC6_LF0)&0xffff
  294  000012b8  afa70000	sw	(r29),r7
  295  000012bc  afa10004	sw	4(r29),r1
  296  000012c0  0c00025c	jal	_Printf
  297  000012c4  54000000	nop; not filled.
  298  000012c8  23bdfff8	addi	r29,r29,#-8
  299  000012cc  3c070000	lhi	r7,((LC7_LF0)>>16)&0xffff
  300  000012d0  24e73194	addui	r7,r7,(LC7_LF0)&0xffff
  301  000012d4  0800014c	j	L45_LF0
  302  000012d8  54000000	nop; not filled.
  303  000012dc          	L28_LF0:
  304  000012dc  0c00024c	jal	_getpid
  305  000012e0  54000000	nop; not filled.
  306  000012e4  23bdfff8	addi	r29,r29,#-8
  307  000012e8  3c070000	lhi	r7,((LC8_LF0)>>16)&0xffff
  308  000012ec  24e731a4	addui	r7,r7,(LC8_LF0)&0xffff
  309  000012f0  afa70000	sw	(r29),r7
  310  000012f4  afa10004	sw	4(r29),r1
  311  000012f8  0c000224	jal	_Printf
  312  000012fc  54000000	nop; not filled.
  313  00001300  23bdfff8	addi	r29,r29,#-8
  314  00001304  3c070000	lhi	r7,((LC9_LF0)>>16)&0xffff
  315  00001308  24e73214	addui	r7,r7,(LC9_LF0)&0xffff
  316  0000130c  08000114	j	L45_LF0
  317  00001310  54000000	nop; not filled.
  318  00001314          	L29_LF0:
  319  00001314  0c000214	jal	_getpid
  320  00001318  54000000	nop; not filled.
  321  0000131c  23bdfff8	addi	r29,r29,#-8
  322  00001320  3c070000	lhi	r7,((LC10_LF0)>>16)&0xffff
  323  00001324  24e73224	addui	r7,r7,(LC10_LF0)&0xffff
  324  00001328  afa70000	sw	(r29),r7
  325  0000132c  afa10004	sw	4(r29),r1
  326  00001330  0c0001ec	jal	_Printf
  327  00001334  54000000	nop; not filled.
  328  00001338  20020000	addi	r2,r0,#0
  329  0000133c  23bd0008	addi	r29,r29,#8
  330  00001340  23c3ffe8	addi	r3,r30,#-24
  331  00001344          	L33_LF0:
  332  00001344  23bdfff0	addi	r29,r29,#-16
  333  00001348  3c070000	lhi	r7,((LC11_LF0)>>16)&0xffff
  334  0000134c  24e73268	addui	r7,r7,(LC11_LF0)&0xffff
  335  00001350  afa70000	sw	(r29),r7
  336  00001354  afa30004	sw	4(r29),r3
  337  00001358  20070000	addi	r7,r0,#0
  338  0000135c  afa70008	sw	8(r29),r7
  339  00001360  0c0001d4	jal	_process_create
  340  00001364  54000000	nop; not filled.
  341  00001368  23bd0010	addi	r29,r29,#16
  342  0000136c  20420001	addi	r2,r2,#1
  343  00001370  70410063	slei	r1,r2,#99
  344  00001374  102000cc	beqz	r1,L25_LF0
  345  00001378  54000000	nop; not filled.
  346  0000137c  0bffffc4	j	L33_LF0
  347  00001380  54000000	nop; not filled.
  348  00001384          	L35_LF0:
  349  00001384  0c0001a4	jal	_getpid
  350  00001388  54000000	nop; not filled.
  351  0000138c  23bdfff8	addi	r29,r29,#-8
  352  00001390  3c070000	lhi	r7,((LC12_LF0)>>16)&0xffff
  353  00001394  24e73278	addui	r7,r7,(LC12_LF0)&0xffff
  354  00001398  afa70000	sw	(r29),r7
  355  0000139c  afa10004	sw	4(r29),r1
  356  000013a0  0c00017c	jal	_Printf
  357  000013a4  54000000	nop; not filled.
  358  000013a8  20020000	addi	r2,r0,#0
  359  000013ac  23bd0008	addi	r29,r29,#8
  360  000013b0  23c3ffe8	addi	r3,r30,#-24
  361  000013b4          	L39_LF0:
  362  000013b4  23bdfff0	addi	r29,r29,#-16
  363  000013b8  3c070000	lhi	r7,((LC13_LF0)>>16)&0xffff
  364  000013bc  24e732b4	addui	r7,r7,(LC13_LF0)&0xffff
  365  000013c0  afa70000	sw	(r29),r7
  366  000013c4  afa30004	sw	4(r29),r3
  367  000013c8  20070000	addi	r7,r0,#0
  368  000013cc  afa70008	sw	8(r29),r7
  369  000013d0  0c000164	jal	_process_create
  370  000013d4  54000000	nop; not filled.
  371  000013d8  23bd0010	addi	r29,r29,#16
  372  000013dc  20420001	addi	r2,r2,#1
  373  000013e0  7041001d	slei	r1,r2,#29
  374  000013e4  1020005c	beqz	r1,L25_LF0
  375  000013e8  54000000	nop; not filled.
  376  000013ec  0bffffc4	j	L39_LF0
  377  000013f0  54000000	nop; not filled.
  378  000013f4          	L41_LF0:
  379  000013f4  0c000134	jal	_getpid
  380  000013f8  54000000	nop; not filled.
  381  000013fc  23bdfff8	addi	r29,r29,#-8
  382  00001400  3c070000	lhi	r7,((LC14_LF0)>>16)&0xffff
  383  00001404  24e732c4	addui	r7,r7,(LC14_LF0)&0xffff
  384  00001408  afa70000	sw	(r29),r7
  385  0000140c  afa10004	sw	4(r29),r1
  386  00001410  0c00010c	jal	_Printf
  387  00001414  54000000	nop; not filled.
  388  00001418  23bdfff8	addi	r29,r29,#-8
  389  0000141c  3c070000	lhi	r7,((LC15_LF0)>>16)&0xffff
  390  00001420  24e73320	addui	r7,r7,(LC15_LF0)&0xffff
  391  00001424          	L45_LF0:
  392  00001424  afa70000	sw	(r29),r7
  393  00001428  23c1ffe8	addi	r1,r30,#-24
  394  0000142c  afa10004	sw	4(r29),r1
  395  00001430  20070000	addi	r7,r0,#0
  396  00001434  afa70008	sw	8(r29),r7
  397  00001438  0c0000fc	jal	_process_create
  398  0000143c  54000000	nop; not filled.
  399  00001440  23bd0010	addi	r29,r29,#16
  400  00001444          	L25_LF0:
  401  00001444  23bdfff8	addi	r29,r29,#-8
  402  00001448  afa40000	sw	(r29),r4
  403  0000144c  0c000118	jal	_sem_wait
  404  00001450  54000000	nop; not filled.
  405  00001454  23bd0008	addi	r29,r29,#8
  406  00001458  64210001	snei	r1,r1,#1
  407  0000145c  10200034	beqz	r1,L44_LF0
  408  00001460  54000000	nop; not filled.
  409  00001464  23bdfff0	addi	r29,r29,#-16
  410  00001468  3c070000	lhi	r7,((LC16_LF0)>>16)&0xffff
  411  0000146c  24e73330	addui	r7,r7,(LC16_LF0)&0xffff
  412  00001470  afa70000	sw	(r29),r7
  413  00001474  afa40004	sw	4(r29),r4
  414  00001478  8cc60000	lw	r6,(r6)
  415  0000147c  afa60008	sw	8(r29),r6
  416  00001480  0c00009c	jal	_Printf
  417  00001484  54000000	nop; not filled.
  418  00001488  0c00019c	jal	_Exit
  419  0000148c  54000000	nop; not filled.
  420  00001490  23bd0010	addi	r29,r29,#16
  421  00001494          	L44_LF0:
  422  00001494  23bdfff8	addi	r29,r29,#-8
  423  00001498  3c070000	lhi	r7,((LC3_LF0)>>16)&0xffff
  424  0000149c  24e7306c	addui	r7,r7,(LC3_LF0)&0xffff
  425  000014a0  afa70000	sw	(r29),r7
  426  000014a4  0c000078	jal	_Printf
  427  000014a8  54000000	nop; not filled.
  428  000014ac  0c00007c	jal	_getpid
  429  000014b0  54000000	nop; not filled.
  430  000014b4  3c070000	lhi	r7,((LC17_LF0)>>16)&0xffff
  431  000014b8  24e7335c	addui	r7,r7,(LC17_LF0)&0xffff
  432  000014bc  afa70000	sw	(r29),r7
  433  000014c0  afa10004	sw	4(r29),r1
  434  000014c4  0c000058	jal	_Printf
  435  000014c8  54000000	nop; not filled.
  436  000014cc  23bd0008	addi	r29,r29,#8
  437  000014d0  0c000f00	jal	_exit
  438  000014d4  54000000	nop
  439  000014d8          	.endproc _main
  440                      ;;;
  441                      ;;; Stub functions for DLX traps.
  442                      ;;;
  443                      ;;; Ethan L. Miller, 1999.  Released to the public domain.
  444                      ;;;
  445                      ;;; The traps such as Open and Close
  446                      ;;; (note the capital letters) are for use by user programs.  The traps
  447                      ;;; with names such as open and close (lower case) are for use by the OS.
  448                      ;;;
  451  000014d8          	.align 2
  453                      ;;; The following are the traps to be used by user-level programs
  454                      ;;;
  456  000014d8          	.align 2
  457  000014d8          	.proc _Open
  458  000014d8          	.global _Open
  459  000014d8          	_Open:
  460                      ;;; Note that trap #0x213 actually causes a trap vector in the OS of
  461                      ;;; 0x1213.  The same is true for other user traps.  Thus, a user trap
  462                      ;;; with trap #0x240 will result in a trap vector of 0x1240 in the OS.
  463  000014d8  44000213	trap	#0x213
  464  000014dc  4be00000	jr	r31
  465  000014e0  54000000	nop
  466  000014e4          	.endproc _Open
  468  000014e4          	.proc _Close
  469  000014e4          	.global _Close
  470  000014e4          	_Close:
  471  000014e4  44000214	trap	#0x214
  472  000014e8  4be00000	jr	r31
  473  000014ec  54000000	nop
  474  000014f0          	.endproc _Close
  476  000014f0          	.proc _Read
  477  000014f0          	.global _Read
  478  000014f0          	_Read:
  479  000014f0  44000210	trap	#0x210
  480  000014f4  4be00000	jr	r31
  481  000014f8  54000000	nop
  482  000014fc          	.endproc _Read
  484  000014fc          	.proc _Write
  485  000014fc          	.global _Write
  486  000014fc          	_Write:
  487  000014fc  44000211	trap	#0x211
  488  00001500  4be00000	jr	r31
  489  00001504  54000000	nop
  490  00001508          	.endproc _Write
  492  00001508          	.proc _Lseek
  493  00001508          	.global _Lseek
  494  00001508          	_Lseek:
  495  00001508  44000212	trap	#0x212
  496  0000150c  4be00000	jr	r31
  497  00001510  54000000	nop
  498  00001514          	.endproc _Lseek
  500  00001514          	.proc _Putchar
  501  00001514          	.global _Putchar
  502  00001514          	_Putchar:
  503  00001514  44000280	trap	#0x280
  504  00001518  4be00000	jr	r31
  505  0000151c  54000000	nop
  506  00001520          	.endproc _Putchar
  508  00001520          	.proc _Printf
  509  00001520          	.global _Printf
  510  00001520          	_Printf:
  511  00001520  44000201	trap	#0x201
  512  00001524  4be00000	jr	r31
  513  00001528  54000000	nop
  514  0000152c          	.endproc _Printf
  516  0000152c          	.proc _getpid
  517  0000152c          	.global _getpid
  518  0000152c          	_getpid:
  519  0000152c  44000431	trap	#0x431
  520  00001530  4be00000	jr	r31
  521  00001534  54000000	nop
  522  00001538          	.endproc _getpid
  524  00001538          	.proc _process_create
  525  00001538          	.global _process_create
  526  00001538          	_process_create:
  527  00001538  44000432	trap	#0x432
  528  0000153c  4be00000	jr	r31
  529  00001540  54000000	nop
  530  00001544          	.endproc _process_create
  532  00001544          	.proc _shmget
  533  00001544          	.global _shmget
  534  00001544          	_shmget:
  535  00001544  44000440	trap	#0x440
  536  00001548  4be00000	jr	r31
  537  0000154c  54000000	nop
  538  00001550          	.endproc _shmget
  540  00001550          	.proc _shmat
  541  00001550          	.global _shmat
  542  00001550          	_shmat:
  543  00001550  44000441	trap	#0x441
  544  00001554  4be00000	jr	r31
  545  00001558  54000000	nop
  546  0000155c          	.endproc _shmat
  548  0000155c          	.proc _sem_create
  549  0000155c          	.global _sem_create
  550  0000155c          	_sem_create:
  551  0000155c  44000450	trap	#0x450
  552  00001560  4be00000	jr	r31
  553  00001564  54000000	nop
  554  00001568          	.endproc _sem_create
  556  00001568          	.proc _sem_wait
  557  00001568          	.global _sem_wait
  558  00001568          	_sem_wait:
  559  00001568  44000451	trap	#0x451
  560  0000156c  4be00000	jr	r31
  561  00001570  54000000	nop
  562  00001574          	.endproc _sem_wait
  564  00001574          	.proc _sem_signal
  565  00001574          	.global _sem_signal
  566  00001574          	_sem_signal:
  567  00001574  44000452	trap	#0x452
  568  00001578  4be00000	jr	r31
  569  0000157c  54000000	nop
  570  00001580          	.endproc _sem_signal
  572  00001580          	.proc _lock_create
  573  00001580          	.global _lock_create
  574  00001580          	_lock_create:
  575  00001580  44000453	trap	#0x453
  576  00001584  4be00000	jr	r31
  577  00001588  54000000	nop
  578  0000158c          	.endproc _lock_create
  580  0000158c          	.proc _lock_acquire
  581  0000158c          	.global _lock_acquire
  582  0000158c          	_lock_acquire:
  583  0000158c  44000454	trap	#0x454
  584  00001590  4be00000	jr	r31
  585  00001594  54000000	nop
  586  00001598          	.endproc _lock_acquire
  588  00001598          	.proc _lock_release
  589  00001598          	.global _lock_release
  590  00001598          	_lock_release:
  591  00001598  44000455	trap	#0x455
  592  0000159c  4be00000	jr	r31
  593  000015a0  54000000	nop
  594  000015a4          	.endproc _lock_release
  596  000015a4          	.proc _cond_create
  597  000015a4          	.global _cond_create
  598  000015a4          	_cond_create:
  599  000015a4  44000456	trap	#0x456
  600  000015a8  4be00000	jr	r31
  601  000015ac  54000000	nop
  602  000015b0          	.endproc _cond_create
  604  000015b0          	.proc _cond_wait
  605  000015b0          	.global _cond_wait
  606  000015b0          	_cond_wait:
  607  000015b0  44000457	trap	#0x457
  608  000015b4  4be00000	jr	r31
  609  000015b8  54000000	nop
  610  000015bc          	.endproc _cond_wait
  612  000015bc          	.proc _cond_signal
  613  000015bc          	.global _cond_signal
  614  000015bc          	_cond_signal:
  615  000015bc  44000458	trap	#0x458
  616  000015c0  4be00000	jr	r31
  617  000015c4  54000000	nop
  618  000015c8          	.endproc _cond_signal
  620  000015c8          	.proc _cond_broadcast
  621  000015c8          	.global _cond_broadcast
  622  000015c8          	_cond_broadcast:
  623  000015c8  44000459	trap	#0x459
  624  000015cc  4be00000	jr	r31
  625  000015d0  54000000	nop
  626  000015d4          	.endproc _cond_broadcast
  628  000015d4          	.proc _mbox_create
  629  000015d4          	.global _mbox_create
  630  000015d4          	_mbox_create:
  631  000015d4  44000460	trap	#0x460
  632  000015d8  4be00000	jr	r31
  633  000015dc  54000000	nop
  634  000015e0          	.endproc _mbox_create
  636  000015e0          	.proc _mbox_open
  637  000015e0          	.global _mbox_open
  638  000015e0          	_mbox_open:
  639  000015e0  44000461	trap	#0x461
  640  000015e4  4be00000	jr	r31
  641  000015e8  54000000	nop
  642  000015ec          	.endproc _mbox_open
  644  000015ec          	.proc _mbox_close
  645  000015ec          	.global _mbox_close
  646  000015ec          	_mbox_close:
  647  000015ec  44000462	trap	#0x462
  648  000015f0  4be00000	jr	r31
  649  000015f4  54000000	nop
  650  000015f8          	.endproc _mbox_close
  652  000015f8          	.proc _mbox_send
  653  000015f8          	.global _mbox_send
  654  000015f8          	_mbox_send:
  655  000015f8  44000463	trap	#0x463
  656  000015fc  4be00000	jr	r31
  657  00001600  54000000	nop
  658  00001604          	.endproc _mbox_send
  660  00001604          	.proc _mbox_recv
  661  00001604          	.global _mbox_recv
  662  00001604          	_mbox_recv:
  663  00001604  44000464	trap	#0x464
  664  00001608  4be00000	jr	r31
  665  0000160c  54000000	nop
  666  00001610          	.endproc _mbox_recv
  668  00001610          	.proc _sleep
  669  00001610          	.global _sleep
  670  00001610          	_sleep:
  671  00001610  44000465	trap	#0x465
  672  00001614  4be00000	jr	r31
  673  00001618  54000000	nop
  674  0000161c          	.endproc _sleep
  676  0000161c          	.proc _yield
  677  0000161c          	.global _yield
  678  0000161c          	_yield:
  679  0000161c  44000466	trap	#0x466
  680  00001620  4be00000	jr	r31
  681  00001624  54000000	nop
  682  00001628          	.endproc _yield
  685  00001628          	.proc _Exit
  686  00001628          	.global _Exit
  687  00001628          	_Exit:
  688  00001628  44000500	trap	#0x500
  689  0000162c  4be00000	jr	r31
  690  00001630  54000000	nop
  691  00001634          	.endproc _Exit
  694  00001634          	.proc _malloc
  695  00001634          	.global _malloc
  696  00001634          	_malloc:
  697  00001634  44000467	trap	#0x467
  698  00001638  4be00000	jr	r31
  699  0000163c          	.endproc _malloc
  702  0000163c          	.proc _mfree
  703  0000163c          	.global _mfree
  704  0000163c          	_mfree:
  705  0000163c  44000468	trap	#0x468
  706  00001640  4be00000	jr	r31
  707  00001644          	.endproc _mfree
  708                      ; Compiled by GCC
  710  00001644          	.align 2
  711  00001644          	.proc _isspace
  712  00001644          	.global _isspace
  713  00001644          	_isspace:
  714                      ;  Function 'isspace'; 0 bytes of locals, 3 regs to save.
  715  00001644  afbefffc	sw	-4(r29),r30; push fp
  716  00001648  001df020	add	r30,r0,r29; fp = sp
  717  0000164c  afbffff8	sw	-8(r29),r31; push ret addr
  718  00001650  2fbd0018	subui	r29,r29,#24; alloc local storage
  719  00001654  afa20000	sw	0(r29),r2
  720  00001658  afa30004	sw	4(r29),r3
  721  0000165c  afa40008	sw	8(r29),r4
  722  00001660  83c20003	lb	r2,3(r30)
  723  00001664  20010000	addi	r1,r0,#0
  724  00001668  304300ff	andi	r3,r2,#0x00ff
  725  0000166c  60640020	seqi	r4,r3,#32
  726  00001670  1480002c	bnez	r4,L3_LF2
  727  00001674  54000000	nop; delay slot nop
  728  00001678  304300ff	andi	r3,r2,#0x00ff
  729  0000167c  60640009	seqi	r4,r3,#9
  730  00001680  1480001c	bnez	r4,L3_LF2
  731  00001684  54000000	nop; delay slot nop
  732  00001688  304300ff	andi	r3,r2,#0x00ff
  733  0000168c  6064000a	seqi	r4,r3,#10
  734  00001690  1480000c	bnez	r4,L3_LF2
  735  00001694  54000000	nop; delay slot nop
  736  00001698  08000008	j	L2_LF2
  737  0000169c  54000000	nop; delay slot nop
  738  000016a0          	L3_LF2:
  739  000016a0  20010001	addi	r1,r0,#1
  740  000016a4          	L2_LF2:
  741  000016a4  08000004	j	L1_LF2
  742  000016a8  54000000	nop; delay slot nop
  743  000016ac          	L1_LF2:
  744  000016ac  8fa20000	lw	r2,0(r29)
  745  000016b0  8fa30004	lw	r3,4(r29)
  746  000016b4  8fa40008	lw	r4,8(r29)
  747  000016b8  8fdffff8	lw	r31,-8(r30)
  748  000016bc  001ee820	add	r29,r0,r30
  749  000016c0  8fdefffc	lw	r30,-4(r30)
  750  000016c4  4be00000	jr	r31
  751  000016c8  54000000	nop
  752  000016cc          	.endproc _isspace
  753  000016cc          	.align 2
  754  000016cc          	.proc _isxdigit
  755  000016cc          	.global _isxdigit
  756  000016cc          	_isxdigit:
  757                      ;  Function 'isxdigit'; 0 bytes of locals, 3 regs to save.
  758  000016cc  afbefffc	sw	-4(r29),r30; push fp
  759  000016d0  001df020	add	r30,r0,r29; fp = sp
  760  000016d4  afbffff8	sw	-8(r29),r31; push ret addr
  761  000016d8  2fbd0018	subui	r29,r29,#24; alloc local storage
  762  000016dc  afa20000	sw	0(r29),r2
  763  000016e0  afa30004	sw	4(r29),r3
  764  000016e4  afa40008	sw	8(r29),r4
  765  000016e8  83c20003	lb	r2,3(r30)
  766  000016ec  20010000	addi	r1,r0,#0
  767  000016f0  304300ff	andi	r3,r2,#0x00ff
  768  000016f4  6c64002f	sgtui	r4,r3,#47
  769  000016f8  1080001c	beqz	r4,L7_LF2
  770  000016fc  54000000	nop; delay slot nop
  771  00001700  304300ff	andi	r3,r2,#0x00ff
  772  00001704  70640039	sleui	r4,r3,#57
  773  00001708  1480005c	bnez	r4,L6_LF2
  774  0000170c  54000000	nop; delay slot nop
  775  00001710  08000004	j	L7_LF2
  776  00001714  54000000	nop; delay slot nop
  777  00001718          	L7_LF2:
  778  00001718  304300ff	andi	r3,r2,#0x00ff
  779  0000171c  6c640060	sgtui	r4,r3,#96
  780  00001720  1080001c	beqz	r4,L8_LF2
  781  00001724  54000000	nop; delay slot nop
  782  00001728  304300ff	andi	r3,r2,#0x00ff
  783  0000172c  70640066	sleui	r4,r3,#102
  784  00001730  14800034	bnez	r4,L6_LF2
  785  00001734  54000000	nop; delay slot nop
  786  00001738  08000004	j	L8_LF2
  787  0000173c  54000000	nop; delay slot nop
  788  00001740          	L8_LF2:
  789  00001740  304300ff	andi	r3,r2,#0x00ff
  790  00001744  6c640040	sgtui	r4,r3,#64
  791  00001748  10800020	beqz	r4,L5_LF2
  792  0000174c  54000000	nop; delay slot nop
  793  00001750  304300ff	andi	r3,r2,#0x00ff
  794  00001754  70640041	sleui	r4,r3,#65
  795  00001758  1480000c	bnez	r4,L6_LF2
  796  0000175c  54000000	nop; delay slot nop
  797  00001760  08000008	j	L5_LF2
  798  00001764  54000000	nop; delay slot nop
  799  00001768          	L6_LF2:
  800  00001768  20010001	addi	r1,r0,#1
  801  0000176c          	L5_LF2:
  802  0000176c  08000004	j	L4_LF2
  803  00001770  54000000	nop; delay slot nop
  804  00001774          	L4_LF2:
  805  00001774  8fa20000	lw	r2,0(r29)
  806  00001778  8fa30004	lw	r3,4(r29)
  807  0000177c  8fa40008	lw	r4,8(r29)
  808  00001780  8fdffff8	lw	r31,-8(r30)
  809  00001784  001ee820	add	r29,r0,r30
  810  00001788  8fdefffc	lw	r30,-4(r30)
  811  0000178c  4be00000	jr	r31
  812  00001790  54000000	nop
  813  00001794          	.endproc _isxdigit
  814  00001794          	.align 2
  815  00001794          	.proc _dstrcpy
  816  00001794          	.global _dstrcpy
  817  00001794          	_dstrcpy:
  818                      ;  Function 'dstrcpy'; 8 bytes of locals, 2 regs to save.
  819  00001794  afbefffc	sw	-4(r29),r30; push fp
  820  00001798  001df020	add	r30,r0,r29; fp = sp
  821  0000179c  afbffff8	sw	-8(r29),r31; push ret addr
  822  000017a0  2fbd0018	subui	r29,r29,#24; alloc local storage
  823  000017a4  afa20000	sw	0(r29),r2
  824  000017a8  afa30004	sw	4(r29),r3
  825  000017ac  8fc10000	lw	r1,(r30)
  826  000017b0  afc1fff4	sw	-12(r30),r1
  827  000017b4          	L10_LF2:
  828  000017b4  8fc10000	lw	r1,(r30)
  829  000017b8  20220001	addi	r2,r1,#1
  830  000017bc  afc20000	sw	(r30),r2
  831  000017c0  8fc20004	lw	r2,4(r30)
  832  000017c4  20430001	addi	r3,r2,#1
  833  000017c8  afc30004	sw	4(r30),r3
  834  000017cc  80420000	lb	r2,(r2)
  835  000017d0  a0220000	sb	(r1),r2
  836  000017d4  a3c2fff3	sb	-13(r30),r2
  837  000017d8          	L12_LF2:
  838  000017d8  93c1fff3	lbu	r1,-13(r30)
  839  000017dc  64220000	snei	r2,r1,#0
  840  000017e0  1440000c	bnez	r2,L13_LF2
  841  000017e4  54000000	nop; delay slot nop
  842  000017e8  0800000c	j	L11_LF2
  843  000017ec  54000000	nop; delay slot nop
  844  000017f0          	L13_LF2:
  845  000017f0  0bffffc0	j	L10_LF2
  846  000017f4  54000000	nop; delay slot nop
  847  000017f8          	L11_LF2:
  848  000017f8  8fc1fff4	lw	r1,-12(r30)
  849  000017fc  08000004	j	L9_LF2
  850  00001800  54000000	nop; delay slot nop
  851  00001804          	L9_LF2:
  852  00001804  8fa20000	lw	r2,0(r29)
  853  00001808  8fa30004	lw	r3,4(r29)
  854  0000180c  8fdffff8	lw	r31,-8(r30)
  855  00001810  001ee820	add	r29,r0,r30
  856  00001814  8fdefffc	lw	r30,-4(r30)
  857  00001818  4be00000	jr	r31
  858  0000181c  54000000	nop
  859  00001820          	.endproc _dstrcpy
  860  00001820          	.align 2
  861  00001820          	.proc _dstrncpy
  862  00001820          	.global _dstrncpy
  863  00001820          	_dstrncpy:
  864                      ;  Function 'dstrncpy'; 8 bytes of locals, 2 regs to save.
  865  00001820  afbefffc	sw	-4(r29),r30; push fp
  866  00001824  001df020	add	r30,r0,r29; fp = sp
  867  00001828  afbffff8	sw	-8(r29),r31; push ret addr
  868  0000182c  2fbd0018	subui	r29,r29,#24; alloc local storage
  869  00001830  afa20000	sw	0(r29),r2
  870  00001834  afa30004	sw	4(r29),r3
  871  00001838  8fc10000	lw	r1,(r30)
  872  0000183c  afc1fff4	sw	-12(r30),r1
  873  00001840          	L15_LF2:
  874  00001840  8fc10008	lw	r1,8(r30)
  875  00001844  2022ffff	addi	r2,r1,#-1
  876  00001848  afc20008	sw	8(r30),r2
  877  0000184c  70210000	slei	r1,r1,#0
  878  00001850  1020000c	beqz	r1,L18_LF2
  879  00001854  54000000	nop; delay slot nop
  880  00001858  08000048	j	L16_LF2
  881  0000185c  54000000	nop; delay slot nop
  882  00001860          	L18_LF2:
  883  00001860  8fc10000	lw	r1,(r30)
  884  00001864  20220001	addi	r2,r1,#1
  885  00001868  afc20000	sw	(r30),r2
  886  0000186c  8fc20004	lw	r2,4(r30)
  887  00001870  20430001	addi	r3,r2,#1
  888  00001874  afc30004	sw	4(r30),r3
  889  00001878  80420000	lb	r2,(r2)
  890  0000187c  a0220000	sb	(r1),r2
  891  00001880  a3c2fff3	sb	-13(r30),r2
  892  00001884          	L17_LF2:
  893  00001884  93c1fff3	lbu	r1,-13(r30)
  894  00001888  64220000	snei	r2,r1,#0
  895  0000188c  1440000c	bnez	r2,L19_LF2
  896  00001890  54000000	nop; delay slot nop
  897  00001894  0800000c	j	L16_LF2
  898  00001898  54000000	nop; delay slot nop
  899  0000189c          	L19_LF2:
  900  0000189c  0bffffa0	j	L15_LF2
  901  000018a0  54000000	nop; delay slot nop
  902  000018a4          	L16_LF2:
  903  000018a4  8fc1fff4	lw	r1,-12(r30)
  904  000018a8  08000004	j	L14_LF2
  905  000018ac  54000000	nop; delay slot nop
  906  000018b0          	L14_LF2:
  907  000018b0  8fa20000	lw	r2,0(r29)
  908  000018b4  8fa30004	lw	r3,4(r29)
  909  000018b8  8fdffff8	lw	r31,-8(r30)
  910  000018bc  001ee820	add	r29,r0,r30
  911  000018c0  8fdefffc	lw	r30,-4(r30)
  912  000018c4  4be00000	jr	r31
  913  000018c8  54000000	nop
  914  000018cc          	.endproc _dstrncpy
  915  000018cc          	.align 2
  916  000018cc          	.proc _dstrcat
  917  000018cc          	.global _dstrcat
  918  000018cc          	_dstrcat:
  919                      ;  Function 'dstrcat'; 8 bytes of locals, 1 regs to save.
  920  000018cc  afbefffc	sw	-4(r29),r30; push fp
  921  000018d0  001df020	add	r30,r0,r29; fp = sp
  922  000018d4  afbffff8	sw	-8(r29),r31; push ret addr
  923  000018d8  2fbd0018	subui	r29,r29,#24; alloc local storage
  924  000018dc  afa20000	sw	0(r29),r2
  925  000018e0  8fc10000	lw	r1,(r30)
  926  000018e4  afc1fff4	sw	-12(r30),r1
  927  000018e8          	L21_LF2:
  928  000018e8  8fc10000	lw	r1,(r30)
  929  000018ec  90220000	lbu	r2,(r1)
  930  000018f0  64410000	snei	r1,r2,#0
  931  000018f4  1420000c	bnez	r1,L23_LF2
  932  000018f8  54000000	nop; delay slot nop
  933  000018fc  0800001c	j	L22_LF2
  934  00001900  54000000	nop; delay slot nop
  935  00001904          	L23_LF2:
  936  00001904  8fc20000	lw	r2,(r30)
  937  00001908  20410001	addi	r1,r2,#1
  938  0000190c  00011020	add	r2,r0,r1
  939  00001910  afc20000	sw	(r30),r2
  940  00001914  0bffffd0	j	L21_LF2
  941  00001918  54000000	nop; delay slot nop
  942  0000191c          	L22_LF2:
  943  0000191c  23bdfff8	addi	r29,r29,#-8
  944  00001920  001d0820	add	r1,r0,r29
  945  00001924  8fc20000	lw	r2,(r30)
  946  00001928  ac220000	sw	(r1),r2
  947  0000192c  8fc20004	lw	r2,4(r30)
  948  00001930  ac220004	sw	4(r1),r2
  949  00001934  0ffffe5c	jal	_dstrcpy
  950  00001938  54000000	nop; delay slot nop
  951  0000193c  23bd0008	addi	r29,r29,#8
  952  00001940  8fc1fff4	lw	r1,-12(r30)
  953  00001944  08000004	j	L20_LF2
  954  00001948  54000000	nop; delay slot nop
  955  0000194c          	L20_LF2:
  956  0000194c  8fa20000	lw	r2,0(r29)
  957  00001950  8fdffff8	lw	r31,-8(r30)
  958  00001954  001ee820	add	r29,r0,r30
  959  00001958  8fdefffc	lw	r30,-4(r30)
  960  0000195c  4be00000	jr	r31
  961  00001960  54000000	nop
  962  00001964          	.endproc _dstrcat
  963  00001964          	.align 2
  964  00001964          	.proc _dstrncmp
  965  00001964          	.global _dstrncmp
  966  00001964          	_dstrncmp:
  967                      ;  Function 'dstrncmp'; 8 bytes of locals, 2 regs to save.
  968  00001964  afbefffc	sw	-4(r29),r30; push fp
  969  00001968  001df020	add	r30,r0,r29; fp = sp
  970  0000196c  afbffff8	sw	-8(r29),r31; push ret addr
  971  00001970  2fbd0018	subui	r29,r29,#24; alloc local storage
  972  00001974  afa20000	sw	0(r29),r2
  973  00001978  afa30004	sw	4(r29),r3
  974  0000197c  54000000	nop
  975  00001980  20010000	addi	r1,r0,#0
  976  00001984  afc1fff4	sw	-12(r30),r1
  977  00001988          	L25_LF2:
  978  00001988  8fc1fff4	lw	r1,-12(r30)
  979  0000198c  8fc20008	lw	r2,8(r30)
  980  00001990  0022082a	slt	r1,r1,r2
  981  00001994  1420000c	bnez	r1,L28_LF2
  982  00001998  54000000	nop; delay slot nop
  983  0000199c  08000088	j	L26_LF2
  984  000019a0  54000000	nop; delay slot nop
  985  000019a4          	L28_LF2:
  986  000019a4  8fc10004	lw	r1,4(r30)
  987  000019a8  90220000	lbu	r2,(r1)
  988  000019ac  64410000	snei	r1,r2,#0
  989  000019b0  14200018	bnez	r1,L29_LF2
  990  000019b4  54000000	nop; delay slot nop
  991  000019b8  20010000	addi	r1,r0,#0
  992  000019bc  080000d8	j	L24_LF2
  993  000019c0  54000000	nop; delay slot nop
  994  000019c4  08000028	j	L30_LF2
  995  000019c8  54000000	nop; delay slot nop
  996  000019cc          	L29_LF2:
  997  000019cc  8fc10000	lw	r1,(r30)
  998  000019d0  8fc20004	lw	r2,4(r30)
  999  000019d4  90210000	lbu	r1,(r1)
 1000  000019d8  90420000	lbu	r2,(r2)
 1001  000019dc  00220829	sne	r1,r1,r2
 1002  000019e0  1020000c	beqz	r1,L30_LF2
 1003  000019e4  54000000	nop; delay slot nop
 1004  000019e8  0800003c	j	L26_LF2
 1005  000019ec  54000000	nop; delay slot nop
 1006  000019f0          	L31_LF2:
 1007  000019f0          	L30_LF2:
 1008  000019f0  8fc20000	lw	r2,(r30)
 1009  000019f4  20410001	addi	r1,r2,#1
 1010  000019f8  00011020	add	r2,r0,r1
 1011  000019fc  afc20000	sw	(r30),r2
 1012  00001a00  8fc20004	lw	r2,4(r30)
 1013  00001a04  20410001	addi	r1,r2,#1
 1014  00001a08  00011020	add	r2,r0,r1
 1015  00001a0c  afc20004	sw	4(r30),r2
 1016  00001a10          	L27_LF2:
 1017  00001a10  8fc2fff4	lw	r2,-12(r30)
 1018  00001a14  20410001	addi	r1,r2,#1
 1019  00001a18  00011020	add	r2,r0,r1
 1020  00001a1c  afc2fff4	sw	-12(r30),r2
 1021  00001a20  0bffff64	j	L25_LF2
 1022  00001a24  54000000	nop; delay slot nop
 1023  00001a28          	L26_LF2:
 1024  00001a28  8fc1fff4	lw	r1,-12(r30)
 1025  00001a2c  8fc20008	lw	r2,8(r30)
 1026  00001a30  00220828	seq	r1,r1,r2
 1027  00001a34  10200018	beqz	r1,L32_LF2
 1028  00001a38  54000000	nop; delay slot nop
 1029  00001a3c  20010000	addi	r1,r0,#0
 1030  00001a40  08000054	j	L24_LF2
 1031  00001a44  54000000	nop; delay slot nop
 1032  00001a48  0800004c	j	L33_LF2
 1033  00001a4c  54000000	nop; delay slot nop
 1034  00001a50          	L32_LF2:
 1035  00001a50  8fc20000	lw	r2,(r30)
 1036  00001a54  90410000	lbu	r1,(r2)
 1037  00001a58  8fc20004	lw	r2,4(r30)
 1038  00001a5c  90430000	lbu	r3,(r2)
 1039  00001a60  00230822	sub	r1,r1,r3
 1040  00001a64  74220000	sgei	r2,r1,#0
 1041  00001a68  10400020	beqz	r2,L34_LF2
 1042  00001a6c  54000000	nop; delay slot nop
 1043  00001a70  8fc10000	lw	r1,(r30)
 1044  00001a74  8fc20004	lw	r2,4(r30)
 1045  00001a78  90210000	lbu	r1,(r1)
 1046  00001a7c  90420000	lbu	r2,(r2)
 1047  00001a80  00220829	sne	r1,r1,r2
 1048  00001a84  08000008	j	L35_LF2
 1049  00001a88  54000000	nop; delay slot nop
 1050  00001a8c          	L34_LF2:
 1051  00001a8c  2001ffff	addi	r1,r0,#-1
 1052  00001a90          	L35_LF2:
 1053  00001a90  08000004	j	L24_LF2
 1054  00001a94  54000000	nop; delay slot nop
 1055  00001a98          	L33_LF2:
 1056  00001a98          	L24_LF2:
 1057  00001a98  8fa20000	lw	r2,0(r29)
 1058  00001a9c  8fa30004	lw	r3,4(r29)
 1059  00001aa0  8fdffff8	lw	r31,-8(r30)
 1060  00001aa4  001ee820	add	r29,r0,r30
 1061  00001aa8  8fdefffc	lw	r30,-4(r30)
 1062  00001aac  4be00000	jr	r31
 1063  00001ab0  54000000	nop
 1064  00001ab4          	.endproc _dstrncmp
 1065  00001ab4          	.align 2
 1066  00001ab4          	.proc _dstrlen
 1067  00001ab4          	.global _dstrlen
 1068  00001ab4          	_dstrlen:
 1069                      ;  Function 'dstrlen'; 8 bytes of locals, 1 regs to save.
 1070  00001ab4  afbefffc	sw	-4(r29),r30; push fp
 1071  00001ab8  001df020	add	r30,r0,r29; fp = sp
 1072  00001abc  afbffff8	sw	-8(r29),r31; push ret addr
 1073  00001ac0  2fbd0018	subui	r29,r29,#24; alloc local storage
 1074  00001ac4  afa20000	sw	0(r29),r2
 1075  00001ac8  20010000	addi	r1,r0,#0
 1076  00001acc  afc1fff4	sw	-12(r30),r1
 1077  00001ad0          	L37_LF2:
 1078  00001ad0  8fc10000	lw	r1,(r30)
 1079  00001ad4  20220001	addi	r2,r1,#1
 1080  00001ad8  afc20000	sw	(r30),r2
 1081  00001adc  90210000	lbu	r1,(r1)
 1082  00001ae0  64220000	snei	r2,r1,#0
 1083  00001ae4  1440000c	bnez	r2,L39_LF2
 1084  00001ae8  54000000	nop; delay slot nop
 1085  00001aec  0800001c	j	L38_LF2
 1086  00001af0  54000000	nop; delay slot nop
 1087  00001af4          	L39_LF2:
 1088  00001af4  8fc2fff4	lw	r2,-12(r30)
 1089  00001af8  20410001	addi	r1,r2,#1
 1090  00001afc  00011020	add	r2,r0,r1
 1091  00001b00  afc2fff4	sw	-12(r30),r2
 1092  00001b04  0bffffc8	j	L37_LF2
 1093  00001b08  54000000	nop; delay slot nop
 1094  00001b0c          	L38_LF2:
 1095  00001b0c  8fc1fff4	lw	r1,-12(r30)
 1096  00001b10  08000004	j	L36_LF2
 1097  00001b14  54000000	nop; delay slot nop
 1098  00001b18          	L36_LF2:
 1099  00001b18  8fa20000	lw	r2,0(r29)
 1100  00001b1c  8fdffff8	lw	r31,-8(r30)
 1101  00001b20  001ee820	add	r29,r0,r30
 1102  00001b24  8fdefffc	lw	r30,-4(r30)
 1103  00001b28  4be00000	jr	r31
 1104  00001b2c  54000000	nop
 1105  00001b30          	.endproc _dstrlen
 1106  00001b30          	.align 2
 1107  00001b30          	.proc _dstrstr
 1108  00001b30          	.global _dstrstr
 1109  00001b30          	_dstrstr:
 1110                      ;  Function 'dstrstr'; 8 bytes of locals, 1 regs to save.
 1111  00001b30  afbefffc	sw	-4(r29),r30; push fp
 1112  00001b34  001df020	add	r30,r0,r29; fp = sp
 1113  00001b38  afbffff8	sw	-8(r29),r31; push ret addr
 1114  00001b3c  2fbd0018	subui	r29,r29,#24; alloc local storage
 1115  00001b40  afa20000	sw	0(r29),r2
 1116  00001b44  23bdfff8	addi	r29,r29,#-8
 1117  00001b48  001d0820	add	r1,r0,r29
 1118  00001b4c  8fc20004	lw	r2,4(r30)
 1119  00001b50  ac220000	sw	(r1),r2
 1120  00001b54  0fffff5c	jal	_dstrlen
 1121  00001b58  54000000	nop; delay slot nop
 1122  00001b5c  23bd0008	addi	r29,r29,#8
 1123  00001b60  afc1fff4	sw	-12(r30),r1
 1124  00001b64          	L41_LF2:
 1125  00001b64  8fc10000	lw	r1,(r30)
 1126  00001b68  90220000	lbu	r2,(r1)
 1127  00001b6c  64410000	snei	r1,r2,#0
 1128  00001b70  1420000c	bnez	r1,L43_LF2
 1129  00001b74  54000000	nop; delay slot nop
 1130  00001b78  08000060	j	L42_LF2
 1131  00001b7c  54000000	nop; delay slot nop
 1132  00001b80          	L43_LF2:
 1133  00001b80  23bdfff0	addi	r29,r29,#-16
 1134  00001b84  001d0820	add	r1,r0,r29
 1135  00001b88  8fc20000	lw	r2,(r30)
 1136  00001b8c  ac220000	sw	(r1),r2
 1137  00001b90  8fc20004	lw	r2,4(r30)
 1138  00001b94  ac220004	sw	4(r1),r2
 1139  00001b98  8fc2fff4	lw	r2,-12(r30)
 1140  00001b9c  ac220008	sw	8(r1),r2
 1141  00001ba0  0ffffdc0	jal	_dstrncmp
 1142  00001ba4  54000000	nop; delay slot nop
 1143  00001ba8  23bd0010	addi	r29,r29,#16
 1144  00001bac  64220000	snei	r2,r1,#0
 1145  00001bb0  14400010	bnez	r2,L44_LF2
 1146  00001bb4  54000000	nop; delay slot nop
 1147  00001bb8  8fc10000	lw	r1,(r30)
 1148  00001bbc  08000028	j	L40_LF2
 1149  00001bc0  54000000	nop; delay slot nop
 1150  00001bc4          	L44_LF2:
 1151  00001bc4  8fc20000	lw	r2,(r30)
 1152  00001bc8  20410001	addi	r1,r2,#1
 1153  00001bcc  00011020	add	r2,r0,r1
 1154  00001bd0  afc20000	sw	(r30),r2
 1155  00001bd4  0bffff8c	j	L41_LF2
 1156  00001bd8  54000000	nop; delay slot nop
 1157  00001bdc          	L42_LF2:
 1158  00001bdc  20010000	addi	r1,r0,#0
 1159  00001be0  08000004	j	L40_LF2
 1160  00001be4  54000000	nop; delay slot nop
 1161  00001be8          	L40_LF2:
 1162  00001be8  8fa20000	lw	r2,0(r29)
 1163  00001bec  8fdffff8	lw	r31,-8(r30)
 1164  00001bf0  001ee820	add	r29,r0,r30
 1165  00001bf4  8fdefffc	lw	r30,-4(r30)
 1166  00001bf8  4be00000	jr	r31
 1167  00001bfc  54000000	nop
 1168  00001c00          	.endproc _dstrstr
 1169  00001c00          	.align 2
 1170  00001c00          	.proc _dmindex
 1171  00001c00          	.global _dmindex
 1172  00001c00          	_dmindex:
 1173                      ;  Function 'dmindex'; 8 bytes of locals, 1 regs to save.
 1174  00001c00  afbefffc	sw	-4(r29),r30; push fp
 1175  00001c04  001df020	add	r30,r0,r29; fp = sp
 1176  00001c08  afbffff8	sw	-8(r29),r31; push ret addr
 1177  00001c0c  2fbd0018	subui	r29,r29,#24; alloc local storage
 1178  00001c10  afa20000	sw	0(r29),r2
 1179  00001c14  54000000	nop
 1180  00001c18          	L46_LF2:
 1181  00001c18  8fc10000	lw	r1,(r30)
 1182  00001c1c  90220000	lbu	r2,(r1)
 1183  00001c20  64410000	snei	r1,r2,#0
 1184  00001c24  1420000c	bnez	r1,L48_LF2
 1185  00001c28  54000000	nop; delay slot nop
 1186  00001c2c  08000070	j	L47_LF2
 1187  00001c30  54000000	nop; delay slot nop
 1188  00001c34          	L48_LF2:
 1189  00001c34  8fc10004	lw	r1,4(r30)
 1190  00001c38  afc1fff4	sw	-12(r30),r1
 1191  00001c3c          	L49_LF2:
 1192  00001c3c  8fc1fff4	lw	r1,-12(r30)
 1193  00001c40  90220000	lbu	r2,(r1)
 1194  00001c44  64410000	snei	r1,r2,#0
 1195  00001c48  1420000c	bnez	r1,L52_LF2
 1196  00001c4c  54000000	nop; delay slot nop
 1197  00001c50  08000044	j	L50_LF2
 1198  00001c54  54000000	nop; delay slot nop
 1199  00001c58          	L52_LF2:
 1200  00001c58  8fc10000	lw	r1,(r30)
 1201  00001c5c  8fc2fff4	lw	r2,-12(r30)
 1202  00001c60  90210000	lbu	r1,(r1)
 1203  00001c64  90420000	lbu	r2,(r2)
 1204  00001c68  00220828	seq	r1,r1,r2
 1205  00001c6c  10200010	beqz	r1,L51_LF2
 1206  00001c70  54000000	nop; delay slot nop
 1207  00001c74  8fc10000	lw	r1,(r30)
 1208  00001c78  08000030	j	L45_LF2
 1209  00001c7c  54000000	nop; delay slot nop
 1210  00001c80          	L53_LF2:
 1211  00001c80          	L51_LF2:
 1212  00001c80  8fc2fff4	lw	r2,-12(r30)
 1213  00001c84  20410001	addi	r1,r2,#1
 1214  00001c88  00011020	add	r2,r0,r1
 1215  00001c8c  afc2fff4	sw	-12(r30),r2
 1216  00001c90  0bffffa8	j	L49_LF2
 1217  00001c94  54000000	nop; delay slot nop
 1218  00001c98          	L50_LF2:
 1219  00001c98  0bffff7c	j	L46_LF2
 1220  00001c9c  54000000	nop; delay slot nop
 1221  00001ca0          	L47_LF2:
 1222  00001ca0  20010000	addi	r1,r0,#0
 1223  00001ca4  08000004	j	L45_LF2
 1224  00001ca8  54000000	nop; delay slot nop
 1225  00001cac          	L45_LF2:
 1226  00001cac  8fa20000	lw	r2,0(r29)
 1227  00001cb0  8fdffff8	lw	r31,-8(r30)
 1228  00001cb4  001ee820	add	r29,r0,r30
 1229  00001cb8  8fdefffc	lw	r30,-4(r30)
 1230  00001cbc  4be00000	jr	r31
 1231  00001cc0  54000000	nop
 1232  00001cc4          	.endproc _dmindex
 1233  00001cc4          	.align 2
 1234  00001cc4          	.proc _dindex
 1235  00001cc4          	.global _dindex
 1236  00001cc4          	_dindex:
 1237                      ;  Function 'dindex'; 0 bytes of locals, 1 regs to save.
 1238  00001cc4  afbefffc	sw	-4(r29),r30; push fp
 1239  00001cc8  001df020	add	r30,r0,r29; fp = sp
 1240  00001ccc  afbffff8	sw	-8(r29),r31; push ret addr
 1241  00001cd0  2fbd0010	subui	r29,r29,#16; alloc local storage
 1242  00001cd4  afa20000	sw	0(r29),r2
 1243  00001cd8  54000000	nop
 1244  00001cdc          	L55_LF2:
 1245  00001cdc  8fc10000	lw	r1,(r30)
 1246  00001ce0  90220000	lbu	r2,(r1)
 1247  00001ce4  64410000	snei	r1,r2,#0
 1248  00001ce8  1420000c	bnez	r1,L57_LF2
 1249  00001cec  54000000	nop; delay slot nop
 1250  00001cf0  08000040	j	L56_LF2
 1251  00001cf4  54000000	nop; delay slot nop
 1252  00001cf8          	L57_LF2:
 1253  00001cf8  8fc10000	lw	r1,(r30)
 1254  00001cfc  90220000	lbu	r2,(r1)
 1255  00001d00  8fc10004	lw	r1,4(r30)
 1256  00001d04  00411028	seq	r2,r2,r1
 1257  00001d08  10400010	beqz	r2,L58_LF2
 1258  00001d0c  54000000	nop; delay slot nop
 1259  00001d10  8fc10000	lw	r1,(r30)
 1260  00001d14  08000028	j	L54_LF2
 1261  00001d18  54000000	nop; delay slot nop
 1262  00001d1c          	L58_LF2:
 1263  00001d1c  8fc20000	lw	r2,(r30)
 1264  00001d20  20410001	addi	r1,r2,#1
 1265  00001d24  00011020	add	r2,r0,r1
 1266  00001d28  afc20000	sw	(r30),r2
 1267  00001d2c  0bffffac	j	L55_LF2
 1268  00001d30  54000000	nop; delay slot nop
 1269  00001d34          	L56_LF2:
 1270  00001d34  20010000	addi	r1,r0,#0
 1271  00001d38  08000004	j	L54_LF2
 1272  00001d3c  54000000	nop; delay slot nop
 1273  00001d40          	L54_LF2:
 1274  00001d40  8fa20000	lw	r2,0(r29)
 1275  00001d44  8fdffff8	lw	r31,-8(r30)
 1276  00001d48  001ee820	add	r29,r0,r30
 1277  00001d4c  8fdefffc	lw	r30,-4(r30)
 1278  00001d50  4be00000	jr	r31
 1279  00001d54  54000000	nop
 1280  00001d58          	.endproc _dindex
 1281  00001d58          	.align 2
 1282  00001d58          	.proc _ditoa
 1283  00001d58          	.global _ditoa
 1284  00001d58          	_ditoa:
 1285                      ;  Function 'ditoa'; 8 bytes of locals, 2 regs to save.
 1286  00001d58  afbefffc	sw	-4(r29),r30; push fp
 1287  00001d5c  001df020	add	r30,r0,r29; fp = sp
 1288  00001d60  afbffff8	sw	-8(r29),r31; push ret addr
 1289  00001d64  2fbd0018	subui	r29,r29,#24; alloc local storage
 1290  00001d68  afa20000	sw	0(r29),r2
 1291  00001d6c  afa30004	sw	4(r29),r3
 1292  00001d70  8fc10000	lw	r1,(r30)
 1293  00001d74  68220000	slti	r2,r1,#0
 1294  00001d78  1040002c	beqz	r2,L60_LF2
 1295  00001d7c  54000000	nop; delay slot nop
 1296  00001d80  8fc10004	lw	r1,4(r30)
 1297  00001d84  20220001	addi	r2,r1,#1
 1298  00001d88  afc20004	sw	4(r30),r2
 1299  00001d8c  2002002d	addi	r2,r0,(#0x2d)&0xff
 1300  00001d90  a0220000	sb	(r1),r2
 1301  00001d94  8fc10000	lw	r1,(r30)
 1302  00001d98  00011022	sub	r2,r0,r1
 1303  00001d9c  afc20000	sw	(r30),r2
 1304  00001da0  08000118	j	L61_LF2
 1305  00001da4  54000000	nop; delay slot nop
 1306  00001da8          	L60_LF2:
 1307  00001da8  8fc10000	lw	r1,(r30)
 1308  00001dac  64220000	snei	r2,r1,#0
 1309  00001db0  14400020	bnez	r2,L62_LF2
 1310  00001db4  54000000	nop; delay slot nop
 1311  00001db8  8fc10004	lw	r1,4(r30)
 1312  00001dbc  20220001	addi	r2,r1,#1
 1313  00001dc0  afc20004	sw	4(r30),r2
 1314  00001dc4  20020030	addi	r2,r0,(#0x30)&0xff
 1315  00001dc8  a0220000	sb	(r1),r2
 1316  00001dcc  080000ec	j	L61_LF2
 1317  00001dd0  54000000	nop; delay slot nop
 1318  00001dd4          	L62_LF2:
 1319  00001dd4  20010001	addi	r1,r0,#1
 1320  00001dd8  afc1fff4	sw	-12(r30),r1
 1321  00001ddc          	L64_LF2:
 1322  00001ddc  8fc1fff4	lw	r1,-12(r30)
 1323  00001de0  8fc20000	lw	r2,(r30)
 1324  00001de4  0022082c	sle	r1,r1,r2
 1325  00001de8  1420000c	bnez	r1,L66_LF2
 1326  00001dec  54000000	nop; delay slot nop
 1327  00001df0  08000024	j	L65_LF2
 1328  00001df4  54000000	nop; delay slot nop
 1329  00001df8          	L67_LF2:
 1330  00001df8          	L66_LF2:
 1331  00001df8  8fc1fff4	lw	r1,-12(r30)
 1332  00001dfc  00011820	add	r3,r0,r1
 1333  00001e00  50620002	slli	r2,r3,#0x2
 1334  00001e04  00411020	add	r2,r2,r1
 1335  00001e08  50410001	slli	r1,r2,#0x1
 1336  00001e0c  afc1fff4	sw	-12(r30),r1
 1337  00001e10  0bffffc8	j	L64_LF2
 1338  00001e14  54000000	nop; delay slot nop
 1339  00001e18          	L65_LF2:
 1340  00001e18  54000000	nop
 1341  00001e1c          	L68_LF2:
 1342  00001e1c  8fc1fff4	lw	r1,-12(r30)
 1343  00001e20  2002000a	addi	r2,r0,#10
 1344  00001e24  00200035	movi2fp	f0,r1
 1345  00001e28  00400835	movi2fp	f1,r2
 1346  00001e2c  0401000f	div	f0,f0,f1
 1347  00001e30  00000834	movfp2i	r1,f0
 1348  00001e34  afc1fff4	sw	-12(r30),r1
 1349  00001e38  8fc10004	lw	r1,4(r30)
 1350  00001e3c  20220001	addi	r2,r1,#1
 1351  00001e40  afc20004	sw	4(r30),r2
 1352  00001e44  8fc20000	lw	r2,(r30)
 1353  00001e48  8fc3fff4	lw	r3,-12(r30)
 1354  00001e4c  00400035	movi2fp	f0,r2
 1355  00001e50  00600835	movi2fp	f1,r3
 1356  00001e54  0401000f	div	f0,f0,f1
 1357  00001e58  00001034	movfp2i	r2,f0
 1358  00001e5c  00021820	add	r3,r0,r2
 1359  00001e60  20620030	addi	r2,r3,#48
 1360  00001e64  a0220000	sb	(r1),r2
 1361  00001e68  8fc10000	lw	r1,(r30)
 1362  00001e6c  8fc3fff4	lw	r3,-12(r30)
 1363  00001e70  00200035	movi2fp	f0,r1
 1364  00001e74  00600835	movi2fp	f1,r3
 1365  00001e78  0401000f	div	f0,f0,f1
 1366  00001e7c  00001034	movfp2i	r2,f0
 1367  00001e80  8fc3fff4	lw	r3,-12(r30)
 1368  00001e84  00400035	movi2fp	f0,r2
 1369  00001e88  00600835	movi2fp	f1,r3
 1370  00001e8c  0401000e	mult	f0,f0,f1
 1371  00001e90  00001034	movfp2i	r2,f0
 1372  00001e94  00220822	sub	r1,r1,r2
 1373  00001e98  afc10000	sw	(r30),r1
 1374  00001e9c          	L70_LF2:
 1375  00001e9c  8fc1fff4	lw	r1,-12(r30)
 1376  00001ea0  6c220001	sgti	r2,r1,#1
 1377  00001ea4  1440000c	bnez	r2,L71_LF2
 1378  00001ea8  54000000	nop; delay slot nop
 1379  00001eac  0800000c	j	L61_LF2
 1380  00001eb0  54000000	nop; delay slot nop
 1381  00001eb4          	L71_LF2:
 1382  00001eb4  0bffff64	j	L68_LF2
 1383  00001eb8  54000000	nop; delay slot nop
 1384  00001ebc          	L69_LF2:
 1385  00001ebc          	L63_LF2:
 1386  00001ebc          	L61_LF2:
 1387  00001ebc  8fc10004	lw	r1,4(r30)
 1388  00001ec0  20020000	addi	r2,r0,(#0x0)&0xff
 1389  00001ec4  a0220000	sb	(r1),r2
 1390  00001ec8          	L59_LF2:
 1391  00001ec8  8fa20000	lw	r2,0(r29)
 1392  00001ecc  8fa30004	lw	r3,4(r29)
 1393  00001ed0  8fdffff8	lw	r31,-8(r30)
 1394  00001ed4  001ee820	add	r29,r0,r30
 1395  00001ed8  8fdefffc	lw	r30,-4(r30)
 1396  00001edc  4be00000	jr	r31
 1397  00001ee0  54000000	nop
 1398  00001ee4          	.endproc _ditoa
 1399  00001ee4          	.align 2
 1400  00001ee4          	.proc _dstrtol
 1401  00001ee4          	.global _dstrtol
 1402  00001ee4          	_dstrtol:
 1403                      ;  Function 'dstrtol'; 16 bytes of locals, 1 regs to save.
 1404  00001ee4  afbefffc	sw	-4(r29),r30; push fp
 1405  00001ee8  001df020	add	r30,r0,r29; fp = sp
 1406  00001eec  afbffff8	sw	-8(r29),r31; push ret addr
 1407  00001ef0  2fbd0020	subui	r29,r29,#32; alloc local storage
 1408  00001ef4  afa20000	sw	0(r29),r2
 1409  00001ef8  20010000	addi	r1,r0,#0
 1410  00001efc  afc1fff4	sw	-12(r30),r1
 1411  00001f00          	L73_LF2:
 1412  00001f00  8fc10000	lw	r1,(r30)
 1413  00001f04  90220000	lbu	r2,(r1)
 1414  00001f08  60410020	seqi	r1,r2,#32
 1415  00001f0c  14200034	bnez	r1,L75_LF2
 1416  00001f10  54000000	nop; delay slot nop
 1417  00001f14  8fc10000	lw	r1,(r30)
 1418  00001f18  90220000	lbu	r2,(r1)
 1419  00001f1c  60410009	seqi	r1,r2,#9
 1420  00001f20  14200020	bnez	r1,L75_LF2
 1421  00001f24  54000000	nop; delay slot nop
 1422  00001f28  8fc10000	lw	r1,(r30)
 1423  00001f2c  90220000	lbu	r2,(r1)
 1424  00001f30  6041000a	seqi	r1,r2,#10
 1425  00001f34  1420000c	bnez	r1,L75_LF2
 1426  00001f38  54000000	nop; delay slot nop
 1427  00001f3c  0800001c	j	L74_LF2
 1428  00001f40  54000000	nop; delay slot nop
 1429  00001f44          	L75_LF2:
 1430  00001f44  8fc20000	lw	r2,(r30)
 1431  00001f48  20410001	addi	r1,r2,#1
 1432  00001f4c  00011020	add	r2,r0,r1
 1433  00001f50  afc20000	sw	(r30),r2
 1434  00001f54  0bffffa8	j	L73_LF2
 1435  00001f58  54000000	nop; delay slot nop
 1436  00001f5c          	L74_LF2:
 1437  00001f5c  8fc10004	lw	r1,4(r30)
 1438  00001f60  64220000	snei	r2,r1,#0
 1439  00001f64  10400010	beqz	r2,L76_LF2
 1440  00001f68  54000000	nop; delay slot nop
 1441  00001f6c  8fc10004	lw	r1,4(r30)
 1442  00001f70  8fc20000	lw	r2,(r30)
 1443  00001f74  ac220000	sw	(r1),r2
 1444  00001f78          	L76_LF2:
 1445  00001f78  8fc10000	lw	r1,(r30)
 1446  00001f7c  90220000	lbu	r2,(r1)
 1447  00001f80  64410000	snei	r1,r2,#0
 1448  00001f84  14200010	bnez	r1,L77_LF2
 1449  00001f88  54000000	nop; delay slot nop
 1450  00001f8c  8fc1fff4	lw	r1,-12(r30)
 1451  00001f90  08000294	j	L72_LF2
 1452  00001f94  54000000	nop; delay slot nop
 1453  00001f98          	L77_LF2:
 1454  00001f98  8fc10000	lw	r1,(r30)
 1455  00001f9c  90220000	lbu	r2,(r1)
 1456  00001fa0  6041002d	seqi	r1,r2,#45
 1457  00001fa4  10200024	beqz	r1,L78_LF2
 1458  00001fa8  54000000	nop; delay slot nop
 1459  00001fac  2001ffff	addi	r1,r0,#-1
 1460  00001fb0  afc1ffec	sw	-20(r30),r1
 1461  00001fb4  8fc20000	lw	r2,(r30)
 1462  00001fb8  20410001	addi	r1,r2,#1
 1463  00001fbc  00011020	add	r2,r0,r1
 1464  00001fc0  afc20000	sw	(r30),r2
 1465  00001fc4  0800000c	j	L79_LF2
 1466  00001fc8  54000000	nop; delay slot nop
 1467  00001fcc          	L78_LF2:
 1468  00001fcc  20010001	addi	r1,r0,#1
 1469  00001fd0  afc1ffec	sw	-20(r30),r1
 1470  00001fd4          	L79_LF2:
 1471  00001fd4  8fc10008	lw	r1,8(r30)
 1472  00001fd8  64220000	snei	r2,r1,#0
 1473  00001fdc  14400090	bnez	r2,L80_LF2
 1474  00001fe0  54000000	nop; delay slot nop
 1475  00001fe4  8fc10000	lw	r1,(r30)
 1476  00001fe8  90220000	lbu	r2,(r1)
 1477  00001fec  60410030	seqi	r1,r2,#48
 1478  00001ff0  10200074	beqz	r1,L81_LF2
 1479  00001ff4  54000000	nop; delay slot nop
 1480  00001ff8  8fc20000	lw	r2,(r30)
 1481  00001ffc  20410001	addi	r1,r2,#1
 1482  00002000  00011020	add	r2,r0,r1
 1483  00002004  afc20000	sw	(r30),r2
 1484  00002008  8fc10000	lw	r1,(r30)
 1485  0000200c  90220000	lbu	r2,(r1)
 1486  00002010  60410078	seqi	r1,r2,#120
 1487  00002014  14200020	bnez	r1,L83_LF2
 1488  00002018  54000000	nop; delay slot nop
 1489  0000201c  8fc10000	lw	r1,(r30)
 1490  00002020  90220000	lbu	r2,(r1)
 1491  00002024  60410058	seqi	r1,r2,#88
 1492  00002028  1420000c	bnez	r1,L83_LF2
 1493  0000202c  54000000	nop; delay slot nop
 1494  00002030  08000024	j	L82_LF2
 1495  00002034  54000000	nop; delay slot nop
 1496  00002038          	L83_LF2:
 1497  00002038  20010010	addi	r1,r0,#16
 1498  0000203c  afc10008	sw	8(r30),r1
 1499  00002040  8fc20000	lw	r2,(r30)
 1500  00002044  20410001	addi	r1,r2,#1
 1501  00002048  00011020	add	r2,r0,r1
 1502  0000204c  afc20000	sw	(r30),r2
 1503  00002050  0800000c	j	L84_LF2
 1504  00002054  54000000	nop; delay slot nop
 1505  00002058          	L82_LF2:
 1506  00002058  20010008	addi	r1,r0,#8
 1507  0000205c  afc10008	sw	8(r30),r1
 1508  00002060          	L84_LF2:
 1509  00002060  0800000c	j	L80_LF2
 1510  00002064  54000000	nop; delay slot nop
 1511  00002068          	L81_LF2:
 1512  00002068  2001000a	addi	r1,r0,#10
 1513  0000206c  afc10008	sw	8(r30),r1
 1514  00002070          	L85_LF2:
 1515  00002070          	L80_LF2:
 1516  00002070  8fc10008	lw	r1,8(r30)
 1517  00002074  70220000	slei	r2,r1,#0
 1518  00002078  1440001c	bnez	r2,L87_LF2
 1519  0000207c  54000000	nop; delay slot nop
 1520  00002080  8fc10008	lw	r1,8(r30)
 1521  00002084  6c220010	sgti	r2,r1,#16
 1522  00002088  1440000c	bnez	r2,L87_LF2
 1523  0000208c  54000000	nop; delay slot nop
 1524  00002090  08000010	j	L86_LF2
 1525  00002094  54000000	nop; delay slot nop
 1526  00002098          	L87_LF2:
 1527  00002098  8fc1fff4	lw	r1,-12(r30)
 1528  0000209c  08000188	j	L72_LF2
 1529  000020a0  54000000	nop; delay slot nop
 1530  000020a4          	L86_LF2:
 1531  000020a4  54000000	nop
 1532  000020a8          	L88_LF2:
 1533  000020a8  8fc10000	lw	r1,(r30)
 1534  000020ac  90220000	lbu	r2,(r1)
 1535  000020b0  6c41002f	sgtui	r1,r2,#47
 1536  000020b4  10200030	beqz	r1,L91_LF2
 1537  000020b8  54000000	nop; delay slot nop
 1538  000020bc  8fc10000	lw	r1,(r30)
 1539  000020c0  90220000	lbu	r2,(r1)
 1540  000020c4  70410039	sleui	r1,r2,#57
 1541  000020c8  1020001c	beqz	r1,L91_LF2
 1542  000020cc  54000000	nop; delay slot nop
 1543  000020d0  8fc10000	lw	r1,(r30)
 1544  000020d4  90220000	lbu	r2,(r1)
 1545  000020d8  2041ffd0	addi	r1,r2,#-48
 1546  000020dc  afc1fff0	sw	-16(r30),r1
 1547  000020e0  0800008c	j	L92_LF2
 1548  000020e4  54000000	nop; delay slot nop
 1549  000020e8          	L91_LF2:
 1550  000020e8  8fc10000	lw	r1,(r30)
 1551  000020ec  90220000	lbu	r2,(r1)
 1552  000020f0  6c410060	sgtui	r1,r2,#96
 1553  000020f4  10200030	beqz	r1,L93_LF2
 1554  000020f8  54000000	nop; delay slot nop
 1555  000020fc  8fc10000	lw	r1,(r30)
 1556  00002100  90220000	lbu	r2,(r1)
 1557  00002104  7041007a	sleui	r1,r2,#122
 1558  00002108  1020001c	beqz	r1,L93_LF2
 1559  0000210c  54000000	nop; delay slot nop
 1560  00002110  8fc10000	lw	r1,(r30)
 1561  00002114  90220000	lbu	r2,(r1)
 1562  00002118  2041ffa9	addi	r1,r2,#-87
 1563  0000211c  afc1fff0	sw	-16(r30),r1
 1564  00002120  0800004c	j	L92_LF2
 1565  00002124  54000000	nop; delay slot nop
 1566  00002128          	L93_LF2:
 1567  00002128  8fc10000	lw	r1,(r30)
 1568  0000212c  90220000	lbu	r2,(r1)
 1569  00002130  6c410040	sgtui	r1,r2,#64
 1570  00002134  10200030	beqz	r1,L95_LF2
 1571  00002138  54000000	nop; delay slot nop
 1572  0000213c  8fc10000	lw	r1,(r30)
 1573  00002140  90220000	lbu	r2,(r1)
 1574  00002144  7041005a	sleui	r1,r2,#90
 1575  00002148  1020001c	beqz	r1,L95_LF2
 1576  0000214c  54000000	nop; delay slot nop
 1577  00002150  8fc10000	lw	r1,(r30)
 1578  00002154  90220000	lbu	r2,(r1)
 1579  00002158  2041ffc9	addi	r1,r2,#-55
 1580  0000215c  afc1fff0	sw	-16(r30),r1
 1581  00002160  0800000c	j	L92_LF2
 1582  00002164  54000000	nop; delay slot nop
 1583  00002168          	L95_LF2:
 1584  00002168  200103e8	addi	r1,r0,#1000
 1585  0000216c  afc1fff0	sw	-16(r30),r1
 1586  00002170          	L96_LF2:
 1587  00002170          	L94_LF2:
 1588  00002170          	L92_LF2:
 1589  00002170  8fc1fff0	lw	r1,-16(r30)
 1590  00002174  8fc20008	lw	r2,8(r30)
 1591  00002178  0022082a	slt	r1,r1,r2
 1592  0000217c  10200040	beqz	r1,L90_LF2
 1593  00002180  54000000	nop; delay slot nop
 1594  00002184  8fc1fff4	lw	r1,-12(r30)
 1595  00002188  8fc20008	lw	r2,8(r30)
 1596  0000218c  00200035	movi2fp	f0,r1
 1597  00002190  00400835	movi2fp	f1,r2
 1598  00002194  0401000e	mult	f0,f0,f1
 1599  00002198  00000834	movfp2i	r1,f0
 1600  0000219c  afc1fff4	sw	-12(r30),r1
 1601  000021a0  8fc1fff4	lw	r1,-12(r30)
 1602  000021a4  8fc2fff0	lw	r2,-16(r30)
 1603  000021a8  00220820	add	r1,r1,r2
 1604  000021ac  afc1fff4	sw	-12(r30),r1
 1605  000021b0  8fc20000	lw	r2,(r30)
 1606  000021b4  20410001	addi	r1,r2,#1
 1607  000021b8  00011020	add	r2,r0,r1
 1608  000021bc  afc20000	sw	(r30),r2
 1609  000021c0          	L97_LF2:
 1610  000021c0          	L90_LF2:
 1611  000021c0  8fc1fff0	lw	r1,-16(r30)
 1612  000021c4  8fc20008	lw	r2,8(r30)
 1613  000021c8  0022082a	slt	r1,r1,r2
 1614  000021cc  1420000c	bnez	r1,L98_LF2
 1615  000021d0  54000000	nop; delay slot nop
 1616  000021d4  0800000c	j	L89_LF2
 1617  000021d8  54000000	nop; delay slot nop
 1618  000021dc          	L98_LF2:
 1619  000021dc  0bfffec8	j	L88_LF2
 1620  000021e0  54000000	nop; delay slot nop
 1621  000021e4          	L89_LF2:
 1622  000021e4  8fc10004	lw	r1,4(r30)
 1623  000021e8  64220000	snei	r2,r1,#0
 1624  000021ec  10400010	beqz	r2,L99_LF2
 1625  000021f0  54000000	nop; delay slot nop
 1626  000021f4  8fc10004	lw	r1,4(r30)
 1627  000021f8  8fc20000	lw	r2,(r30)
 1628  000021fc  ac220000	sw	(r1),r2
 1629  00002200          	L99_LF2:
 1630  00002200  8fc1fff4	lw	r1,-12(r30)
 1631  00002204  8fc2ffec	lw	r2,-20(r30)
 1632  00002208  00200035	movi2fp	f0,r1
 1633  0000220c  00400835	movi2fp	f1,r2
 1634  00002210  0401000e	mult	f0,f0,f1
 1635  00002214  00000834	movfp2i	r1,f0
 1636  00002218  afc1fff4	sw	-12(r30),r1
 1637  0000221c  8fc1fff4	lw	r1,-12(r30)
 1638  00002220  08000004	j	L72_LF2
 1639  00002224  54000000	nop; delay slot nop
 1640  00002228          	L72_LF2:
 1641  00002228  8fa20000	lw	r2,0(r29)
 1642  0000222c  8fdffff8	lw	r31,-8(r30)
 1643  00002230  001ee820	add	r29,r0,r30
 1644  00002234  8fdefffc	lw	r30,-4(r30)
 1645  00002238  4be00000	jr	r31
 1646  0000223c  54000000	nop
 1647  00002240          	.endproc _dstrtol
 1648  00002240          	.align 2
 1649  00002240          	.proc _bcopy
 1650  00002240          	.global _bcopy
 1651  00002240          	_bcopy:
 1652                      ;  Function 'bcopy'; 0 bytes of locals, 2 regs to save.
 1653  00002240  afbefffc	sw	-4(r29),r30; push fp
 1654  00002244  001df020	add	r30,r0,r29; fp = sp
 1655  00002248  afbffff8	sw	-8(r29),r31; push ret addr
 1656  0000224c  2fbd0010	subui	r29,r29,#16; alloc local storage
 1657  00002250  afa20000	sw	0(r29),r2
 1658  00002254  afa30004	sw	4(r29),r3
 1659  00002258  54000000	nop
 1660  0000225c          	L101_LF2:
 1661  0000225c  8fc10008	lw	r1,8(r30)
 1662  00002260  2022ffff	addi	r2,r1,#-1
 1663  00002264  afc20008	sw	8(r30),r2
 1664  00002268  6c210000	sgti	r1,r1,#0
 1665  0000226c  1420000c	bnez	r1,L103_LF2
 1666  00002270  54000000	nop; delay slot nop
 1667  00002274  0800002c	j	L102_LF2
 1668  00002278  54000000	nop; delay slot nop
 1669  0000227c          	L103_LF2:
 1670  0000227c  8fc10004	lw	r1,4(r30)
 1671  00002280  20220001	addi	r2,r1,#1
 1672  00002284  afc20004	sw	4(r30),r2
 1673  00002288  8fc20000	lw	r2,(r30)
 1674  0000228c  20430001	addi	r3,r2,#1
 1675  00002290  afc30000	sw	(r30),r3
 1676  00002294  80420000	lb	r2,(r2)
 1677  00002298  a0220000	sb	(r1),r2
 1678  0000229c  0bffffbc	j	L101_LF2
 1679  000022a0  54000000	nop; delay slot nop
 1680  000022a4          	L102_LF2:
 1681  000022a4          	L100_LF2:
 1682  000022a4  8fa20000	lw	r2,0(r29)
 1683  000022a8  8fa30004	lw	r3,4(r29)
 1684  000022ac  8fdffff8	lw	r31,-8(r30)
 1685  000022b0  001ee820	add	r29,r0,r30
 1686  000022b4  8fdefffc	lw	r30,-4(r30)
 1687  000022b8  4be00000	jr	r31
 1688  000022bc  54000000	nop
 1689  000022c0          	.endproc _bcopy
 1690  000022c0          	.align 2
 1691  000022c0          	.proc _bzero
 1692  000022c0          	.global _bzero
 1693  000022c0          	_bzero:
 1694                      ;  Function 'bzero'; 0 bytes of locals, 1 regs to save.
 1695  000022c0  afbefffc	sw	-4(r29),r30; push fp
 1696  000022c4  001df020	add	r30,r0,r29; fp = sp
 1697  000022c8  afbffff8	sw	-8(r29),r31; push ret addr
 1698  000022cc  2fbd0010	subui	r29,r29,#16; alloc local storage
 1699  000022d0  afa20000	sw	0(r29),r2
 1700  000022d4  54000000	nop
 1701  000022d8          	L105_LF2:
 1702  000022d8  8fc10004	lw	r1,4(r30)
 1703  000022dc  2022ffff	addi	r2,r1,#-1
 1704  000022e0  afc20004	sw	4(r30),r2
 1705  000022e4  6c210000	sgti	r1,r1,#0
 1706  000022e8  1420000c	bnez	r1,L107_LF2
 1707  000022ec  54000000	nop; delay slot nop
 1708  000022f0  08000020	j	L106_LF2
 1709  000022f4  54000000	nop; delay slot nop
 1710  000022f8          	L107_LF2:
 1711  000022f8  8fc10000	lw	r1,(r30)
 1712  000022fc  20220001	addi	r2,r1,#1
 1713  00002300  afc20000	sw	(r30),r2
 1714  00002304  20020000	addi	r2,r0,(#0x0)&0xff
 1715  00002308  a0220000	sb	(r1),r2
 1716  0000230c  0bffffc8	j	L105_LF2
 1717  00002310  54000000	nop; delay slot nop
 1718  00002314          	L106_LF2:
 1719  00002314          	L104_LF2:
 1720  00002314  8fa20000	lw	r2,0(r29)
 1721  00002318  8fdffff8	lw	r31,-8(r30)
 1722  0000231c  001ee820	add	r29,r0,r30
 1723  00002320  8fdefffc	lw	r30,-4(r30)
 1724  00002324  4be00000	jr	r31
 1725  00002328  54000000	nop
 1726  0000232c          	.endproc _bzero
 1727  0000232c          	.align 2
 1728  0000232c          	.proc _min
 1729  0000232c          	.global _min
 1730  0000232c          	_min:
 1731                      ;  Function 'min'; 0 bytes of locals, 2 regs to save.
 1732  0000232c  afbefffc	sw	-4(r29),r30; push fp
 1733  00002330  001df020	add	r30,r0,r29; fp = sp
 1734  00002334  afbffff8	sw	-8(r29),r31; push ret addr
 1735  00002338  2fbd0010	subui	r29,r29,#16; alloc local storage
 1736  0000233c  afa20000	sw	0(r29),r2
 1737  00002340  afa30004	sw	4(r29),r3
 1738  00002344  8fc10000	lw	r1,(r30)
 1739  00002348  8fc20004	lw	r2,4(r30)
 1740  0000234c  0022182c	sle	r3,r1,r2
 1741  00002350  14600008	bnez	r3,L109_LF2
 1742  00002354  54000000	nop; delay slot nop
 1743  00002358  8fc10004	lw	r1,4(r30)
 1744  0000235c          	L109_LF2:
 1745  0000235c  08000004	j	L108_LF2
 1746  00002360  54000000	nop; delay slot nop
 1747  00002364          	L108_LF2:
 1748  00002364  8fa20000	lw	r2,0(r29)
 1749  00002368  8fa30004	lw	r3,4(r29)
 1750  0000236c  8fdffff8	lw	r31,-8(r30)
 1751  00002370  001ee820	add	r29,r0,r30
 1752  00002374  8fdefffc	lw	r30,-4(r30)
 1753  00002378  4be00000	jr	r31
 1754  0000237c  54000000	nop
 1755  00002380          	.endproc _min
 1756  00002380          	.align 2
 1757  00002380          	.proc _max
 1758  00002380          	.global _max
 1759  00002380          	_max:
 1760                      ;  Function 'max'; 0 bytes of locals, 2 regs to save.
 1761  00002380  afbefffc	sw	-4(r29),r30; push fp
 1762  00002384  001df020	add	r30,r0,r29; fp = sp
 1763  00002388  afbffff8	sw	-8(r29),r31; push ret addr
 1764  0000238c  2fbd0010	subui	r29,r29,#16; alloc local storage
 1765  00002390  afa20000	sw	0(r29),r2
 1766  00002394  afa30004	sw	4(r29),r3
 1767  00002398  8fc10000	lw	r1,(r30)
 1768  0000239c  8fc20004	lw	r2,4(r30)
 1769  000023a0  0022182d	sge	r3,r1,r2
 1770  000023a4  14600008	bnez	r3,L111_LF2
 1771  000023a8  54000000	nop; delay slot nop
 1772  000023ac  8fc10004	lw	r1,4(r30)
 1773  000023b0          	L111_LF2:
 1774  000023b0  08000004	j	L110_LF2
 1775  000023b4  54000000	nop; delay slot nop
 1776  000023b8          	L110_LF2:
 1777  000023b8  8fa20000	lw	r2,0(r29)
 1778  000023bc  8fa30004	lw	r3,4(r29)
 1779  000023c0  8fdffff8	lw	r31,-8(r30)
 1780  000023c4  001ee820	add	r29,r0,r30
 1781  000023c8  8fdefffc	lw	r30,-4(r30)
 1782  000023cc  4be00000	jr	r31
 1783  000023d0  54000000	nop
 1784  000023d4          	.endproc _max
 1785                      ;;; Ethan L. Miller, 1999.  Released to the public domain
 1786                      ;;;
 1787                      ;;; Most of the traps are called in files from libtraps.
 1790  000023d4          	.align 2
 1791  000023d4          	.proc _exit
 1792  000023d4          	.global _exit
 1793  000023d4          	_exit:
 1794  000023d4  44000300	trap	#0x300
 1795  000023d8  4be00000	jr	r31
 1796  000023dc  54000000	nop
 1797  000023e0          	.endproc _exit
 1799                      ; for the benefit of gcc.
 1800  000023e0          	.proc ___main
 1801  000023e0          	.global ___main
 1802  000023e0          	___main:
 1803  000023e0  4be00000	jr	r31
 1804  000023e4  54000000	nop
 1805  000023e8          	.endproc ___main
 1806  000023e8          	.text
 1807  000023e8          	.global _etext
 1808  000023e8          	_etext:
 1809  000023e8          	.align 3
 1810  000023e8          	.data
 1811  000033d4          	.global _edata
 1812  000033d4          	_edata:
